2025/12/12 08:09:55 [INFO] Packer version: 1.14.2 [go1.23.2 darwin amd64]
2025/12/12 08:09:55 Old default config directory found: /Users/ralph.brynard/.packer.d
2025/12/12 08:09:55 [INFO] PACKER_CONFIG env var not set; checking the default config file path
2025/12/12 08:09:55 [INFO] PACKER_CONFIG env var set; attempting to open config file: /Users/ralph.brynard/.packerconfig
2025/12/12 08:09:55 [WARN] Config file doesn't exist: /Users/ralph.brynard/.packerconfig
2025/12/12 08:09:55 Old default config directory found: /Users/ralph.brynard/.packer.d
2025/12/12 08:09:55 [INFO] Setting cache directory: /Users/ralph.brynard/.cache/packer
2025/12/12 08:09:55 Old default config directory found: /Users/ralph.brynard/.packer.d
2025/12/12 08:09:55 [TRACE] listing potential installations for "github.com/rgl/windows-update" that match ">= 0.14.3". plugingetter.ListInstallationsOptions{PluginDirectory:"/Users/ralph.brynard/.packer.d/plugins", BinaryInstallationOptions:plugingetter.BinaryInstallationOptions{APIVersionMajor:"5", APIVersionMinor:"0", OS:"darwin", ARCH:"amd64", Ext:"", Checksummers:[]plugingetter.Checksummer{plugingetter.Checksummer{Type:"sha256", Hash:(*sha256.digest)(0xc000160f80)}}, ReleasesOnly:false}}
2025/12/12 08:09:55 [TRACE] Found the following "github.com/rgl/windows-update" installations: [{/Users/ralph.brynard/.packer.d/plugins/github.com/rgl/windows-update/packer-plugin-windows-update_v0.16.8_x5.0_darwin_amd64 v0.16.8 x5.0},{/Users/ralph.brynard/.packer.d/plugins/github.com/rgl/windows-update/packer-plugin-windows-update_v0.16.10_x5.0_darwin_amd64 v0.16.10 x5.0}]
2025/12/12 08:09:55 found external [-packer-default-plugin-name-] provisioner from windows-update plugin
2025/12/12 08:09:55 [TRACE] listing potential installations for "github.com/ethanmdavidson/git" that match ">= 0.4.3". plugingetter.ListInstallationsOptions{PluginDirectory:"/Users/ralph.brynard/.packer.d/plugins", BinaryInstallationOptions:plugingetter.BinaryInstallationOptions{APIVersionMajor:"5", APIVersionMinor:"0", OS:"darwin", ARCH:"amd64", Ext:"", Checksummers:[]plugingetter.Checksummer{plugingetter.Checksummer{Type:"sha256", Hash:(*sha256.digest)(0xc000160f80)}}, ReleasesOnly:false}}
2025/12/12 08:09:55 [TRACE] Found the following "github.com/ethanmdavidson/git" installations: [{/Users/ralph.brynard/.packer.d/plugins/github.com/ethanmdavidson/git/packer-plugin-git_v0.6.4_x5.0_darwin_amd64 v0.6.4 x5.0}]
2025/12/12 08:09:55 found external [commit repository tree] datasource from git plugin
2025/12/12 08:09:55 [TRACE] listing potential installations for "github.com/hashicorp/proxmox" that match ">= 1.1.3". plugingetter.ListInstallationsOptions{PluginDirectory:"/Users/ralph.brynard/.packer.d/plugins", BinaryInstallationOptions:plugingetter.BinaryInstallationOptions{APIVersionMajor:"5", APIVersionMinor:"0", OS:"darwin", ARCH:"amd64", Ext:"", Checksummers:[]plugingetter.Checksummer{plugingetter.Checksummer{Type:"sha256", Hash:(*sha256.digest)(0xc000160f80)}}, ReleasesOnly:false}}
2025/12/12 08:09:56 [TRACE] Found the following "github.com/hashicorp/proxmox" installations: [{/Users/ralph.brynard/.packer.d/plugins/github.com/hashicorp/proxmox/packer-plugin-proxmox_v1.1.8_x5.0_darwin_amd64 v1.1.8 x5.0},{/Users/ralph.brynard/.packer.d/plugins/github.com/hashicorp/proxmox/packer-plugin-proxmox_v1.2.2_x5.0_darwin_amd64 v1.2.2 x5.0},{/Users/ralph.brynard/.packer.d/plugins/github.com/hashicorp/proxmox/packer-plugin-proxmox_v1.2.3_x5.0_darwin_amd64 v1.2.3 x5.0}]
2025/12/12 08:09:56 [INFO] found external [-packer-default-plugin-name- clone iso] builders from proxmox plugin
2025/12/12 08:09:56 [TRACE] listing potential installations for <nil> that match "". plugingetter.ListInstallationsOptions{PluginDirectory:"/Users/ralph.brynard/.packer.d/plugins", BinaryInstallationOptions:plugingetter.BinaryInstallationOptions{APIVersionMajor:"5", APIVersionMinor:"0", OS:"darwin", ARCH:"amd64", Ext:"", Checksummers:[]plugingetter.Checksummer{plugingetter.Checksummer{Type:"sha256", Hash:(*sha256.digest)(0xc000160c00)}}, ReleasesOnly:false}}
2025/12/12 08:09:57 found external [commit repository tree] datasource from git plugin
2025/12/12 08:09:57 [INFO] found external [-packer-default-plugin-name- clone iso] builders from proxmox plugin
2025/12/12 08:09:57 found external [-packer-default-plugin-name-] datasource from sshkey plugin
2025/12/12 08:09:57 plugin "/Users/ralph.brynard/.packer.d/plugins/github.com/ivoronin/sshkey/packer-plugin-sshkey_v1.2.1_x5.0_darwin_amd64" does not support Protobuf, forcing use of Gob
2025/12/12 08:09:57 [INFO] found external [clone iso supervisor] builders from vsphere plugin
2025/12/12 08:09:57 [INFO] found external [-packer-default-plugin-name- template] post-processors from vsphere plugin
2025/12/12 08:09:57 found external [-packer-default-plugin-name-] provisioner from windows-update plugin
2025/12/12 08:09:57 [INFO] found external [chroot ebs ebssurrogate ebsvolume instance] builders from amazon plugin
2025/12/12 08:09:57 [INFO] found external [import] post-processors from amazon plugin
2025/12/12 08:09:57 found external [ami parameterstore secretsmanager] datasource from amazon plugin
2025/12/12 08:09:57 found external [-packer-default-plugin-name- local] provisioner from ansible plugin
2025/12/12 08:09:57 [TRACE] validateValue: not active for password, so skipping
2025/12/12 08:09:57 [TRACE] validateValue: not active for guest_os_language, so skipping
2025/12/12 08:09:57 [TRACE] validateValue: not active for guest_os_keyboard, so skipping
2025/12/12 08:09:57 [TRACE] validateValue: not active for proxmox_host, so skipping
2025/12/12 08:09:57 [TRACE] validateValue: not active for node, so skipping
2025/12/12 08:09:57 [TRACE] validateValue: not active for pool, so skipping
2025/12/12 08:09:57 [TRACE] validateValue: not active for iso_storage_pool, so skipping
2025/12/12 08:09:57 [TRACE] validateValue: not active for disk_storage_pool, so skipping
2025/12/12 08:09:57 [TRACE] validateValue: not active for guest_os_timezone, so skipping
2025/12/12 08:09:57 [TRACE] validateValue: not active for token_id, so skipping
2025/12/12 08:09:57 [TRACE] validateValue: not active for token_secret, so skipping
2025/12/12 08:09:57 [TRACE] validateValue: not active for insecure_tls, so skipping
2025/12/12 08:09:57 [TRACE] validateValue: not active for username, so skipping
2025/12/12 08:09:57 [INFO] Starting external plugin /Users/ralph.brynard/.packer.d/plugins/github.com/ethanmdavidson/git/packer-plugin-git_v0.6.4_x5.0_darwin_amd64 start datasource commit
2025/12/12 08:09:57 Starting plugin: /Users/ralph.brynard/.packer.d/plugins/github.com/ethanmdavidson/git/packer-plugin-git_v0.6.4_x5.0_darwin_amd64 []string{"/Users/ralph.brynard/.packer.d/plugins/github.com/ethanmdavidson/git/packer-plugin-git_v0.6.4_x5.0_darwin_amd64", "start", "datasource", "commit"}
2025/12/12 08:09:57 Waiting for RPC address for: /Users/ralph.brynard/.packer.d/plugins/github.com/ethanmdavidson/git/packer-plugin-git_v0.6.4_x5.0_darwin_amd64
2025/12/12 08:09:57 packer-plugin-git_v0.6.4_x5.0_darwin_amd64 plugin: 2025/12/12 08:09:57 Plugin address: unix /var/folders/fw/5v2gpv3x0gscd1mbj8tgc2m00000gr/T/packer-plugin3386067362
2025/12/12 08:09:57 packer-plugin-git_v0.6.4_x5.0_darwin_amd64 plugin: 2025/12/12 08:09:57 Waiting for connection...
2025/12/12 08:09:57 Received unix RPC address for /Users/ralph.brynard/.packer.d/plugins/github.com/ethanmdavidson/git/packer-plugin-git_v0.6.4_x5.0_darwin_amd64: addr is /var/folders/fw/5v2gpv3x0gscd1mbj8tgc2m00000gr/T/packer-plugin3386067362
2025/12/12 08:09:57 packer-plugin-git_v0.6.4_x5.0_darwin_amd64 plugin: 2025/12/12 08:09:57 Serving a plugin connection...
2025/12/12 08:09:57 packer-plugin-git_v0.6.4_x5.0_darwin_amd64 plugin: 2025/12/12 08:09:57 [TRACE] starting datasource commit
2025/12/12 08:09:57 packer-plugin-git_v0.6.4_x5.0_darwin_amd64 plugin: 2025/12/12 08:09:57 [DEBUG] - common: sending ConfigSpec as gob
2025/12/12 08:09:57 [DEBUG] - common: receiving ConfigSpec as gob
2025/12/12 08:09:57 packer-plugin-git_v0.6.4_x5.0_darwin_amd64 plugin: 2025/12/12 08:09:57 [DEBUG] - common: sending ConfigSpec as gob
2025/12/12 08:09:57 [DEBUG] - common: receiving ConfigSpec as gob
2025/12/12 08:09:57 [INFO] (telemetry) Starting datasource git-commit
2025/12/12 08:09:57 packer-plugin-git_v0.6.4_x5.0_darwin_amd64 plugin: 2025/12/12 08:09:57 Starting execution
2025/12/12 08:09:57 packer-plugin-git_v0.6.4_x5.0_darwin_amd64 plugin: 2025/12/12 08:09:57 Finding repository from './../../../../' (/Users/ralph.brynard/rwgb.github.projects/hashicorp.packer.builds/builds/proxmox)
2025/12/12 08:09:57 packer-plugin-git_v0.6.4_x5.0_darwin_amd64 plugin: 2025/12/12 08:09:57 Repo opened
2025/12/12 08:09:57 packer-plugin-git_v0.6.4_x5.0_darwin_amd64 plugin: 2025/12/12 08:09:57 Hash found: '9572e7da574bd10cda607a34514905064d22d0b4'
2025/12/12 08:09:57 packer-plugin-git_v0.6.4_x5.0_darwin_amd64 plugin: 2025/12/12 08:09:57 Branches found
2025/12/12 08:09:57 packer-plugin-git_v0.6.4_x5.0_darwin_amd64 plugin: 2025/12/12 08:09:57 Commit found: 'commit 9572e7da574bd10cda607a34514905064d22d0b4
2025/12/12 08:09:57 packer-plugin-git_v0.6.4_x5.0_darwin_amd64 plugin: Author: Ralph Brynard <ralph.brynard@gmail.com>
2025/12/12 08:09:57 packer-plugin-git_v0.6.4_x5.0_darwin_amd64 plugin: Date:   Fri Dec 12 08:06:20 2025 -0600
2025/12/12 08:09:57 packer-plugin-git_v0.6.4_x5.0_darwin_amd64 plugin: 
2025/12/12 08:09:57 packer-plugin-git_v0.6.4_x5.0_darwin_amd64 plugin:     feat(windows-10): Add security-hardened build with CIS Benchmark compliance
2025/12/12 08:09:57 packer-plugin-git_v0.6.4_x5.0_darwin_amd64 plugin: 
2025/12/12 08:09:57 packer-plugin-git_v0.6.4_x5.0_darwin_amd64 plugin:     Creates a production-ready security-hardened Windows 10 22H2 template (VM ID 9022)
2025/12/12 08:09:57 packer-plugin-git_v0.6.4_x5.0_darwin_amd64 plugin:     by cloning the minimal template (VM ID 9021) and applying comprehensive security
2025/12/12 08:09:57 packer-plugin-git_v0.6.4_x5.0_darwin_amd64 plugin:     configurations based on CIS Benchmarks, DISA STIG, and Microsoft Security Baselines.
2025/12/12 08:09:57 packer-plugin-git_v0.6.4_x5.0_darwin_amd64 plugin: 
2025/12/12 08:09:57 packer-plugin-git_v0.6.4_x5.0_darwin_amd64 plugin:     Changes:
2025/12/12 08:09:57 packer-plugin-git_v0.6.4_x5.0_darwin_amd64 plugin:     - Add complete proxmox-clone Packer configuration for hardened build
2025/12/12 08:09:57 packer-plugin-git_v0.6.4_x5.0_darwin_amd64 plugin:     - Clone from minimal template (VM 9021) to avoid redundant Windows Updates
2025/12/12 08:09:57 packer-plugin-git_v0.6.4_x5.0_darwin_amd64 plugin:     - Implement comprehensive CIS Benchmark security controls
2025/12/12 08:09:57 packer-plugin-git_v0.6.4_x5.0_darwin_amd64 plugin:     - Configure password policies, account lockout, and authentication hardening
2025/12/12 08:09:57 packer-plugin-git_v0.6.4_x5.0_darwin_amd64 plugin:     - Enable Windows Firewall with default deny inbound across all profiles
2025/12/12 08:09:57 packer-plugin-git_v0.6.4_x5.0_darwin_amd64 plugin:     - Disable unnecessary services (RemoteRegistry, Xbox services, UPnP, etc.)
2025/12/12 08:09:57 packer-plugin-git_v0.6.4_x5.0_darwin_amd64 plugin:     - Configure comprehensive audit policies for compliance and monitoring
2025/12/12 08:09:57 packer-plugin-git_v0.6.4_x5.0_darwin_amd64 plugin:     - Apply extensive registry security hardening (SMB, LSA, network protocols)
2025/12/12 08:09:57 packer-plugin-git_v0.6.4_x5.0_darwin_amd64 plugin:     - Configure Windows Defender with advanced protection features
2025/12/12 08:09:57 packer-plugin-git_v0.6.4_x5.0_darwin_amd64 plugin:     - Enforce TLS 1.2 only (disable SSL 2.0/3.0, TLS 1.0/1.1)
2025/12/12 08:09:57 packer-plugin-git_v0.6.4_x5.0_darwin_amd64 plugin:     - Increase event log retention sizes for security logging
2025/12/12 08:09:57 packer-plugin-git_v0.6.4_x5.0_darwin_amd64 plugin:     - Remove legacy features (PowerShell v2, SMBv1)
2025/12/12 08:09:57 packer-plugin-git_v0.6.4_x5.0_darwin_amd64 plugin:     - Configure privacy controls (disable telemetry, camera, microphone, location)
2025/12/12 08:09:57 packer-plugin-git_v0.6.4_x5.0_darwin_amd64 plugin:     - Add comprehensive 400+ line documentation
2025/12/12 08:09:57 packer-plugin-git_v0.6.4_x5.0_darwin_amd64 plugin: 
2025/12/12 08:09:57 packer-plugin-git_v0.6.4_x5.0_darwin_amd64 plugin:     Files Added:
2025/12/12 08:09:57 packer-plugin-git_v0.6.4_x5.0_darwin_amd64 plugin:     - builds/proxmox/windows/desktop/10/hardened/build.pkr.hcl
2025/12/12 08:09:57 packer-plugin-git_v0.6.4_x5.0_darwin_amd64 plugin:       * Main build configuration with 12 security hardening provisioners
2025/12/12 08:09:57 packer-plugin-git_v0.6.4_x5.0_darwin_amd64 plugin:       * Password policies: 14 char minimum, complexity required, 24 history, 60-day max age
2025/12/12 08:09:57 packer-plugin-git_v0.6.4_x5.0_darwin_amd64 plugin:       * Account lockout: 5 failed attempts, 30-minute duration
2025/12/12 08:09:57 packer-plugin-git_v0.6.4_x5.0_darwin_amd64 plugin:       * Firewall: Enabled on all profiles with default deny inbound
2025/12/12 08:09:57 packer-plugin-git_v0.6.4_x5.0_darwin_amd64 plugin:       * Audit policies: All categories enabled for success/failure
2025/12/12 08:09:57 packer-plugin-git_v0.6.4_x5.0_darwin_amd64 plugin:       * Registry hardening: 20+ security settings (SMB, LSA, protocols, privacy)
2025/12/12 08:09:57 packer-plugin-git_v0.6.4_x5.0_darwin_amd64 plugin:       * Windows Defender: Real-time protection, MAPS, controlled folder access
2025/12/12 08:09:57 packer-plugin-git_v0.6.4_x5.0_darwin_amd64 plugin:       * TLS configuration: TLS 1.2 only, disable legacy protocols
2025/12/12 08:09:57 packer-plugin-git_v0.6.4_x5.0_darwin_amd64 plugin:       * Event logs: Security 196MB, Application/System 32MB
2025/12/12 08:09:57 packer-plugin-git_v0.6.4_x5.0_darwin_amd64 plugin:       * Windows Updates: Up to 25 updates (minimal already updated)
2025/12/12 08:09:57 packer-plugin-git_v0.6.4_x5.0_darwin_amd64 plugin:       * Feature removal: PowerShell v2, SMBv1
2025/12/12 08:09:57 packer-plugin-git_v0.6.4_x5.0_darwin_amd64 plugin:       * Git integration for version tracking
2025/12/12 08:09:57 packer-plugin-git_v0.6.4_x5.0_darwin_amd64 plugin:       * Manifest post-processor with security_level metadata
2025/12/12 08:09:57 packer-plugin-git_v0.6.4_x5.0_darwin_amd64 plugin: 
2025/12/12 08:09:57 packer-plugin-git_v0.6.4_x5.0_darwin_amd64 plugin:     - builds/proxmox/windows/desktop/10/hardened/sources.pkr.hcl
2025/12/12 08:09:57 packer-plugin-git_v0.6.4_x5.0_darwin_amd64 plugin:       * Clone from VM 9021 (minimal) to VM 9022 (hardened)
2025/12/12 08:09:57 packer-plugin-git_v0.6.4_x5.0_darwin_amd64 plugin:       * Full clone for template independence
2025/12/12 08:09:57 packer-plugin-git_v0.6.4_x5.0_darwin_amd64 plugin:       * 4GB RAM, 2 cores, 1 socket (same as minimal)
2025/12/12 08:09:57 packer-plugin-git_v0.6.4_x5.0_darwin_amd64 plugin:       * 120-minute WinRM timeout for hardening operations
2025/12/12 08:09:57 packer-plugin-git_v0.6.4_x5.0_darwin_amd64 plugin:       * Template tagged: windows;desktop;windows-10;22h2;template;hardened;security
2025/12/12 08:09:57 packer-plugin-git_v0.6.4_x5.0_darwin_amd64 plugin:       * CIS Benchmarks noted in template description
2025/12/12 08:09:57 packer-plugin-git_v0.6.4_x5.0_darwin_amd64 plugin: 
2025/12/12 08:09:57 packer-plugin-git_v0.6.4_x5.0_darwin_amd64 plugin:     - builds/proxmox/windows/desktop/10/hardened/variables.pkr.hcl
2025/12/12 08:09:57 packer-plugin-git_v0.6.4_x5.0_darwin_amd64 plugin:       * Variable definitions for Proxmox connection
2025/12/12 08:09:57 packer-plugin-git_v0.6.4_x5.0_darwin_amd64 plugin:       * API token authentication
2025/12/12 08:09:57 packer-plugin-git_v0.6.4_x5.0_darwin_amd64 plugin:       * Build user and password configuration (default: packer)
2025/12/12 08:09:57 packer-plugin-git_v0.6.4_x5.0_darwin_amd64 plugin: 
2025/12/12 08:09:57 packer-plugin-git_v0.6.4_x5.0_darwin_amd64 plugin:     - builds/proxmox/windows/desktop/10/hardened/variables.auto.pkrvars.hcl
2025/12/12 08:09:57 packer-plugin-git_v0.6.4_x5.0_darwin_amd64 plugin:       * Auto-loaded environment values
2025/12/12 08:09:57 packer-plugin-git_v0.6.4_x5.0_darwin_amd64 plugin:       * Proxmox host: 192.168.1.160
2025/12/12 08:09:57 packer-plugin-git_v0.6.4_x5.0_darwin_amd64 plugin:       * Node: hades, Pool: packer_builds
2025/12/12 08:09:57 packer-plugin-git_v0.6.4_x5.0_darwin_amd64 plugin:       * Administrator credentials
2025/12/12 08:09:57 packer-plugin-git_v0.6.4_x5.0_darwin_amd64 plugin: 
2025/12/12 08:09:57 packer-plugin-git_v0.6.4_x5.0_darwin_amd64 plugin:     - builds/proxmox/windows/desktop/10/hardened/README.md
2025/12/12 08:09:57 packer-plugin-git_v0.6.4_x5.0_darwin_amd64 plugin:       * Comprehensive 400+ line security documentation
2025/12/12 08:09:57 packer-plugin-git_v0.6.4_x5.0_darwin_amd64 plugin:       * Complete feature list: 30+ security controls
2025/12/12 08:09:57 packer-plugin-git_v0.6.4_x5.0_darwin_amd64 plugin:       * Compliance mappings: CIS Benchmarks v2.0.0, DISA STIG, MS Security Baseline
2025/12/12 08:09:57 packer-plugin-git_v0.6.4_x5.0_darwin_amd64 plugin:       * Disabled services list: 12 services (RemoteRegistry, Xbox, UPnP, etc.)
2025/12/12 08:09:57 packer-plugin-git_v0.6.4_x5.0_darwin_amd64 plugin:       * Prerequisites, configuration, usage instructions
2025/12/12 08:09:57 packer-plugin-git_v0.6.4_x5.0_darwin_amd64 plugin:       * Build process details: clone → hardening (12 steps) → updates → cleanup
2025/12/12 08:09:57 packer-plugin-git_v0.6.4_x5.0_darwin_amd64 plugin:       * Build time estimates: 60-120 minutes total
2025/12/12 08:09:57 packer-plugin-git_v0.6.4_x5.0_darwin_amd64 plugin:       * Post-build verification PowerShell commands
2025/12/12 08:09:57 packer-plugin-git_v0.6.4_x5.0_darwin_amd64 plugin:       * Customization examples for policies, firewall, updates
2025/12/12 08:09:57 packer-plugin-git_v0.6.4_x5.0_darwin_amd64 plugin:       * Troubleshooting guide for WinRM, clone, security policy issues
2025/12/12 08:09:57 packer-plugin-git_v0.6.4_x5.0_darwin_amd64 plugin:       * Security considerations and post-deployment steps
2025/12/12 08:09:57 packer-plugin-git_v0.6.4_x5.0_darwin_amd64 plugin:       * Related documentation links
2025/12/12 08:09:57 packer-plugin-git_v0.6.4_x5.0_darwin_amd64 plugin: 
2025/12/12 08:09:57 packer-plugin-git_v0.6.4_x5.0_darwin_amd64 plugin:     - builds/proxmox/windows/desktop/10/hardened/.gitignore
2025/12/12 08:09:57 packer-plugin-git_v0.6.4_x5.0_darwin_amd64 plugin:       * Exclude build artifacts, logs, cache, secrets
2025/12/12 08:09:57 packer-plugin-git_v0.6.4_x5.0_darwin_amd64 plugin: 
2025/12/12 08:09:57 packer-plugin-git_v0.6.4_x5.0_darwin_amd64 plugin:     Security Hardening Applied:
2025/12/12 08:09:57 packer-plugin-git_v0.6.4_x5.0_darwin_amd64 plugin:     - **Access Control**: 14-char min password, complexity, 24 history, 5 lockout attempts
2025/12/12 08:09:57 packer-plugin-git_v0.6.4_x5.0_darwin_amd64 plugin:     - **Authentication**: Secure logon (Ctrl+Alt+Del), LSA protection, Credential Guard
2025/12/12 08:09:57 packer-plugin-git_v0.6.4_x5.0_darwin_amd64 plugin:     - **Network Security**: Firewall default deny, SMB signing, LLMNR/NetBIOS disabled
2025/12/12 08:09:57 packer-plugin-git_v0.6.4_x5.0_darwin_amd64 plugin:     - **Audit**: Comprehensive logging across 7 categories (logon, management, policy, etc.)
2025/12/12 08:09:57 packer-plugin-git_v0.6.4_x5.0_darwin_amd64 plugin:     - **System Hardening**: 12 services disabled, PowerShell v2 removed, SMBv1 removed
2025/12/12 08:09:57 packer-plugin-git_v0.6.4_x5.0_darwin_amd64 plugin:     - **Privacy**: Camera/mic/location disabled, telemetry disabled, advertising ID disabled
2025/12/12 08:09:57 packer-plugin-git_v0.6.4_x5.0_darwin_amd64 plugin:     - **Encryption**: TLS 1.2 only, SSL 2.0/3.0/TLS 1.0/1.1 disabled
2025/12/12 08:09:57 packer-plugin-git_v0.6.4_x5.0_darwin_amd64 plugin:     - **Malware Protection**: Windows Defender real-time, MAPS advanced, controlled folders
2025/12/12 08:09:57 packer-plugin-git_v0.6.4_x5.0_darwin_amd64 plugin:     - **Compliance**: CIS Benchmarks, DISA STIG, Microsoft Security Baseline alignment
2025/12/12 08:09:57 packer-plugin-git_v0.6.4_x5.0_darwin_amd64 plugin: 
2025/12/12 08:09:57 packer-plugin-git_v0.6.4_x5.0_darwin_amd64 plugin:     Build Details:
2025/12/12 08:09:57 packer-plugin-git_v0.6.4_x5.0_darwin_amd64 plugin:     - Clones from minimal template (VM 9021) which already has Windows Updates
2025/12/12 08:09:57 packer-plugin-git_v0.6.4_x5.0_darwin_amd64 plugin:     - Avoids redundant update provisioning (minimal already updated)
2025/12/12 08:09:57 packer-plugin-git_v0.6.4_x5.0_darwin_amd64 plugin:     - Applies 12 security hardening provisioners in sequence
2025/12/12 08:09:57 packer-plugin-git_v0.6.4_x5.0_darwin_amd64 plugin:     - Runs remaining Windows Updates (up to 25) for latest security patches
2025/12/12 08:09:57 packer-plugin-git_v0.6.4_x5.0_darwin_amd64 plugin:     - Creates production-ready hardened template at VM ID 9022
2025/12/12 08:09:57 packer-plugin-git_v0.6.4_x5.0_darwin_amd64 plugin:     - Build time: ~60-120 minutes (faster than base → hardened due to pre-updated minimal)
2025/12/12 08:09:57 packer-plugin-git_v0.6.4_x5.0_darwin_amd64 plugin: 
2025/12/12 08:09:57 packer-plugin-git_v0.6.4_x5.0_darwin_amd64 plugin:     First build completed successfully:
2025/12/12 08:09:57 packer-plugin-git_v0.6.4_x5.0_darwin_amd64 plugin:     - Manifest: 2025-12-12-04-30-57.json
2025/12/12 08:09:57 packer-plugin-git_v0.6.4_x5.0_darwin_amd64 plugin:     - VM ID: 9022
2025/12/12 08:09:57 packer-plugin-git_v0.6.4_x5.0_darwin_amd64 plugin:     - Build Version: 519c66d
2025/12/12 08:09:57 packer-plugin-git_v0.6.4_x5.0_darwin_amd64 plugin:     - Security Level: CIS Benchmarks
2025/12/12 08:09:57 packer-plugin-git_v0.6.4_x5.0_darwin_amd64 plugin:     - Template ready for secure production deployments
2025/12/12 08:09:57 packer-plugin-git_v0.6.4_x5.0_darwin_amd64 plugin: 
2025/12/12 08:09:57 packer-plugin-git_v0.6.4_x5.0_darwin_amd64 plugin:     Template Hierarchy:
2025/12/12 08:09:57 packer-plugin-git_v0.6.4_x5.0_darwin_amd64 plugin:     - Base (VM 9020): Clean Windows 10 install with WinRM configured
2025/12/12 08:09:57 packer-plugin-git_v0.6.4_x5.0_darwin_amd64 plugin:     - Minimal (VM 9021): Base + user setup + Windows Updates
2025/12/12 08:09:57 packer-plugin-git_v0.6.4_x5.0_darwin_amd64 plugin:     - Hardened (VM 9022): Minimal + comprehensive security hardening
2025/12/12 08:09:57 packer-plugin-git_v0.6.4_x5.0_darwin_amd64 plugin: 
2025/12/12 08:09:57 packer-plugin-git_v0.6.4_x5.0_darwin_amd64 plugin:     Related:
2025/12/12 08:09:57 packer-plugin-git_v0.6.4_x5.0_darwin_amd64 plugin:     - Depends on Windows 10 22H2 Minimal template (VM ID 9021)
2025/12/12 08:09:57 packer-plugin-git_v0.6.4_x5.0_darwin_amd64 plugin:     - Part of Windows 10 template progression: base → minimal → hardened
2025/12/12 08:09:57 packer-plugin-git_v0.6.4_x5.0_darwin_amd64 plugin:     - Suitable for production environments requiring security compliance
2025/12/12 08:09:57 packer-plugin-git_v0.6.4_x5.0_darwin_amd64 plugin: 
2025/12/12 08:09:57 packer-plugin-git_v0.6.4_x5.0_darwin_amd64 plugin: '
2025/12/12 08:09:57 packer-plugin-git_v0.6.4_x5.0_darwin_amd64 plugin: 2025/12/12 08:09:57 output.Hash: '9572e7da574bd10cda607a34514905064d22d0b4'
2025/12/12 08:09:57 packer-plugin-git_v0.6.4_x5.0_darwin_amd64 plugin: 2025/12/12 08:09:57 Adding branch 'dev'
2025/12/12 08:09:57 packer-plugin-git_v0.6.4_x5.0_darwin_amd64 plugin: 2025/12/12 08:09:57 Not in branch 'feature/windows_11_base' (67cb753589b581b946f7791b7fba36795880459f)
2025/12/12 08:09:57 packer-plugin-git_v0.6.4_x5.0_darwin_amd64 plugin: 2025/12/12 08:09:57 Not in branch 'main' (c465b445b66970d2009490cfdddd34bdc5df078a)
2025/12/12 08:09:57 packer-plugin-git_v0.6.4_x5.0_darwin_amd64 plugin: 2025/12/12 08:09:57 len(output.Branches): '1'
2025/12/12 08:09:57 packer-plugin-git_v0.6.4_x5.0_darwin_amd64 plugin: 2025/12/12 08:09:57 output.Author: 'Ralph Brynard <ralph.brynard@gmail.com>'
2025/12/12 08:09:57 packer-plugin-git_v0.6.4_x5.0_darwin_amd64 plugin: 2025/12/12 08:09:57 output.Committer: 'Ralph Brynard <ralph.brynard@gmail.com>'
2025/12/12 08:09:57 packer-plugin-git_v0.6.4_x5.0_darwin_amd64 plugin: 2025/12/12 08:09:57 output.Timestamp: '2025-12-12T14:06:20Z'
2025/12/12 08:09:57 packer-plugin-git_v0.6.4_x5.0_darwin_amd64 plugin: 2025/12/12 08:09:57 len(output.PGPSignature): '228'
2025/12/12 08:09:57 packer-plugin-git_v0.6.4_x5.0_darwin_amd64 plugin: 2025/12/12 08:09:57 len(output.Message): '5636'
2025/12/12 08:09:57 packer-plugin-git_v0.6.4_x5.0_darwin_amd64 plugin: 2025/12/12 08:09:57 output.TreeHash: '8b2c07563426e826984943bd0382cf3b4cc0a79b'
2025/12/12 08:09:57 packer-plugin-git_v0.6.4_x5.0_darwin_amd64 plugin: 2025/12/12 08:09:57 Adding parent hash: '519c66da6487229751bd195a719071e509321b93'
2025/12/12 08:09:57 packer-plugin-git_v0.6.4_x5.0_darwin_amd64 plugin: 2025/12/12 08:09:57 len(output.ParentHashes): '1'
2025/12/12 08:09:57 packer-plugin-git_v0.6.4_x5.0_darwin_amd64 plugin: 2025/12/12 08:09:57 [DEBUG] - datasource: sending Execute as gob
2025/12/12 08:09:57 [DEBUG] - datasource: receiving Execute as gob
2025/12/12 08:09:57 [INFO] (telemetry) ending git-commit
2025/12/12 08:09:57 [INFO] Starting external plugin /Users/ralph.brynard/.<sensitive>.d/plugins/github.com/hashicorp/proxmox/<sensitive>-plugin-proxmox_v1.2.3_x5.0_darwin_amd64 start builder iso
2025/12/12 08:09:57 Starting plugin: /Users/ralph.brynard/.<sensitive>.d/plugins/github.com/hashicorp/proxmox/<sensitive>-plugin-proxmox_v1.2.3_x5.0_darwin_amd64 []string{"/Users/ralph.brynard/.<sensitive>.d/plugins/github.com/hashicorp/proxmox/<sensitive>-plugin-proxmox_v1.2.3_x5.0_darwin_amd64", "start", "builder", "iso"}
2025/12/12 08:09:57 Waiting for RPC address for: /Users/ralph.brynard/.<sensitive>.d/plugins/github.com/hashicorp/proxmox/<sensitive>-plugin-proxmox_v1.2.3_x5.0_darwin_amd64
2025/12/12 08:09:57 <sensitive>-plugin-proxmox_v1.2.3_x5.0_darwin_amd64 plugin: 2025/12/12 08:09:57 Plugin address: unix /var/folders/fw/5v2gpv3x0gscd1mbj8tgc2m00000gr/T/<sensitive>-plugin3861734165
2025/12/12 08:09:57 <sensitive>-plugin-proxmox_v1.2.3_x5.0_darwin_amd64 plugin: 2025/12/12 08:09:57 Waiting for connection...
2025/12/12 08:09:57 Received unix RPC address for /Users/ralph.brynard/.<sensitive>.d/plugins/github.com/hashicorp/proxmox/<sensitive>-plugin-proxmox_v1.2.3_x5.0_darwin_amd64: addr is /var/folders/fw/5v2gpv3x0gscd1mbj8tgc2m00000gr/T/<sensitive>-plugin3861734165
2025/12/12 08:09:57 <sensitive>-plugin-proxmox_v1.2.3_x5.0_darwin_amd64 plugin: 2025/12/12 08:09:57 Serving a plugin connection...
2025/12/12 08:09:57 <sensitive>-plugin-proxmox_v1.2.3_x5.0_darwin_amd64 plugin: 2025/12/12 08:09:57 [TRACE] starting builder iso
2025/12/12 08:09:57 <sensitive>-plugin-proxmox_v1.2.3_x5.0_darwin_amd64 plugin: 2025/12/12 08:09:57 [DEBUG] - common: sending ConfigSpec as gob
2025/12/12 08:09:57 [DEBUG] - common: receiving ConfigSpec as gob
2025/12/12 08:09:57 <sensitive>-plugin-proxmox_v1.2.3_x5.0_darwin_amd64 plugin: 2025/12/12 08:09:57 CPU type not set, using default 'kvm64'
2025/12/12 08:09:57 <sensitive>-plugin-proxmox_v1.2.3_x5.0_darwin_amd64 plugin: 2025/12/12 08:09:57 OS not set, using default 'other'
2025/12/12 08:09:57 <sensitive>-plugin-proxmox_v1.2.3_x5.0_darwin_amd64 plugin: 2025/12/12 08:09:57 Disk 0 format not set, using default 'raw'
2025/12/12 08:09:57 <sensitive>-plugin-proxmox_v1.2.3_x5.0_darwin_amd64 plugin: 2025/12/12 08:09:57 Disk 0 cache mode not set, using default 'none'
2025/12/12 08:09:57 <sensitive>-plugin-proxmox_v1.2.3_x5.0_darwin_amd64 plugin: 2025/12/12 08:09:57 [DEBUG] - common: sending ConfigSpec as gob
2025/12/12 08:09:57 [DEBUG] - common: receiving ConfigSpec as gob
2025/12/12 08:09:57 [INFO] Starting external plugin /Users/ralph.brynard/.<sensitive>.d/plugins/github.com/rgl/windows-update/<sensitive>-plugin-windows-update_v0.16.10_x5.0_darwin_amd64 start provisioner -<sensitive>-default-plugin-name-
2025/12/12 08:09:57 Starting plugin: /Users/ralph.brynard/.<sensitive>.d/plugins/github.com/rgl/windows-update/<sensitive>-plugin-windows-update_v0.16.10_x5.0_darwin_amd64 []string{"/Users/ralph.brynard/.<sensitive>.d/plugins/github.com/rgl/windows-update/<sensitive>-plugin-windows-update_v0.16.10_x5.0_darwin_amd64", "start", "provisioner", "-<sensitive>-default-plugin-name-"}
2025/12/12 08:09:57 Waiting for RPC address for: /Users/ralph.brynard/.<sensitive>.d/plugins/github.com/rgl/windows-update/<sensitive>-plugin-windows-update_v0.16.10_x5.0_darwin_amd64
2025/12/12 08:09:57 <sensitive>-plugin-windows-update_v0.16.10_x5.0_darwin_amd64 plugin: 2025/12/12 08:09:57 Starting <sensitive>-plugin-windows-update (version 0.16.10; commit ff14adbf39ce9d26397f90faa1a15fda6136ca58; date 2025-04-29T01:23:50Z)
2025/12/12 08:09:57 <sensitive>-plugin-windows-update_v0.16.10_x5.0_darwin_amd64 plugin: 2025/12/12 08:09:57 Plugin address: unix /var/folders/fw/5v2gpv3x0gscd1mbj8tgc2m00000gr/T/<sensitive>-plugin3779780560
2025/12/12 08:09:57 <sensitive>-plugin-windows-update_v0.16.10_x5.0_darwin_amd64 plugin: 2025/12/12 08:09:57 Waiting for connection...
2025/12/12 08:09:57 Received unix RPC address for /Users/ralph.brynard/.<sensitive>.d/plugins/github.com/rgl/windows-update/<sensitive>-plugin-windows-update_v0.16.10_x5.0_darwin_amd64: addr is /var/folders/fw/5v2gpv3x0gscd1mbj8tgc2m00000gr/T/<sensitive>-plugin3779780560
2025/12/12 08:09:57 <sensitive>-plugin-windows-update_v0.16.10_x5.0_darwin_amd64 plugin: 2025/12/12 08:09:57 Serving a plugin connection...
2025/12/12 08:09:57 <sensitive>-plugin-windows-update_v0.16.10_x5.0_darwin_amd64 plugin: 2025/12/12 08:09:57 [TRACE] starting provisioner -<sensitive>-default-plugin-name-
2025/12/12 08:09:57 <sensitive>-plugin-windows-update_v0.16.10_x5.0_darwin_amd64 plugin: 2025/12/12 08:09:57 [DEBUG] - common: sending ConfigSpec as gob
2025/12/12 08:09:57 [DEBUG] - common: receiving ConfigSpec as gob
2025/12/12 08:09:57 <sensitive>-plugin-windows-update_v0.16.10_x5.0_darwin_amd64 plugin: 2025/12/12 08:09:57 [DEBUG] - common: sending ConfigSpec as gob
2025/12/12 08:09:57 [DEBUG] - common: receiving ConfigSpec as gob
2025/12/12 08:09:57 [INFO] Starting external plugin /usr/local/bin/<sensitive> execute <sensitive>-provisioner-file
2025/12/12 08:09:57 Starting plugin: /usr/local/bin/<sensitive> []string{"/usr/local/bin/<sensitive>", "execute", "<sensitive>-provisioner-file"}
2025/12/12 08:09:57 Waiting for RPC address for: /usr/local/bin/<sensitive>
2025/12/12 08:09:57 <sensitive>-provisioner-file plugin: [INFO] Packer version: 1.14.2 [go1.23.2 darwin amd64]
2025/12/12 08:09:57 <sensitive>-provisioner-file plugin: Old default config directory found: /Users/ralph.brynard/.<sensitive>.d
2025/12/12 08:09:57 <sensitive>-provisioner-file plugin: [INFO] PACKER_CONFIG env var not set; checking the default config file path
2025/12/12 08:09:57 <sensitive>-provisioner-file plugin: [INFO] PACKER_CONFIG env var set; attempting to open config file: /Users/ralph.brynard/.<sensitive>config
2025/12/12 08:09:57 <sensitive>-provisioner-file plugin: [WARN] Config file doesn't exist: /Users/ralph.brynard/.<sensitive>config
2025/12/12 08:09:57 <sensitive>-provisioner-file plugin: Old default config directory found: /Users/ralph.brynard/.<sensitive>.d
2025/12/12 08:09:57 <sensitive>-provisioner-file plugin: [INFO] Setting cache directory: /Users/ralph.brynard/.cache/<sensitive>
2025/12/12 08:09:57 <sensitive>-provisioner-file plugin: Old default config directory found: /Users/ralph.brynard/.<sensitive>.d
2025/12/12 08:09:57 <sensitive>-provisioner-file plugin: Plugin address: unix /var/folders/fw/5v2gpv3x0gscd1mbj8tgc2m00000gr/T/<sensitive>-plugin2099356817
2025/12/12 08:09:57 Received unix RPC address for /usr/local/bin/<sensitive>: addr is /var/folders/fw/5v2gpv3x0gscd1mbj8tgc2m00000gr/T/<sensitive>-plugin2099356817
2025/12/12 08:09:57 <sensitive>-provisioner-file plugin: Waiting for connection...
2025/12/12 08:09:57 <sensitive>-provisioner-file plugin: Serving a plugin connection...
2025/12/12 08:09:57 <sensitive>-provisioner-file plugin: [DEBUG] - common: sending ConfigSpec as gob
2025/12/12 08:09:57 [DEBUG] - common: receiving ConfigSpec as gob
2025/12/12 08:09:57 <sensitive>-provisioner-file plugin: [DEBUG] - common: sending ConfigSpec as gob
2025/12/12 08:09:57 [DEBUG] - common: receiving ConfigSpec as gob
2025/12/12 08:09:57 [INFO] Starting external plugin /usr/local/bin/<sensitive> execute <sensitive>-provisioner-powershell
2025/12/12 08:09:57 Starting plugin: /usr/local/bin/<sensitive> []string{"/usr/local/bin/<sensitive>", "execute", "<sensitive>-provisioner-powershell"}
2025/12/12 08:09:57 Waiting for RPC address for: /usr/local/bin/<sensitive>
2025/12/12 08:09:57 <sensitive>-provisioner-powershell plugin: [INFO] Packer version: 1.14.2 [go1.23.2 darwin amd64]
2025/12/12 08:09:57 <sensitive>-provisioner-powershell plugin: Old default config directory found: /Users/ralph.brynard/.<sensitive>.d
2025/12/12 08:09:57 <sensitive>-provisioner-powershell plugin: [INFO] PACKER_CONFIG env var not set; checking the default config file path
2025/12/12 08:09:57 <sensitive>-provisioner-powershell plugin: [INFO] PACKER_CONFIG env var set; attempting to open config file: /Users/ralph.brynard/.<sensitive>config
2025/12/12 08:09:57 <sensitive>-provisioner-powershell plugin: [WARN] Config file doesn't exist: /Users/ralph.brynard/.<sensitive>config
2025/12/12 08:09:57 <sensitive>-provisioner-powershell plugin: Old default config directory found: /Users/ralph.brynard/.<sensitive>.d
2025/12/12 08:09:57 <sensitive>-provisioner-powershell plugin: [INFO] Setting cache directory: /Users/ralph.brynard/.cache/<sensitive>
2025/12/12 08:09:57 <sensitive>-provisioner-powershell plugin: Old default config directory found: /Users/ralph.brynard/.<sensitive>.d
2025/12/12 08:09:57 <sensitive>-provisioner-powershell plugin: Plugin address: unix /var/folders/fw/5v2gpv3x0gscd1mbj8tgc2m00000gr/T/<sensitive>-plugin2893279256
2025/12/12 08:09:57 <sensitive>-provisioner-powershell plugin: Waiting for connection...
2025/12/12 08:09:57 Received unix RPC address for /usr/local/bin/<sensitive>: addr is /var/folders/fw/5v2gpv3x0gscd1mbj8tgc2m00000gr/T/<sensitive>-plugin2893279256
2025/12/12 08:09:57 <sensitive>-provisioner-powershell plugin: Serving a plugin connection...
2025/12/12 08:09:57 <sensitive>-provisioner-powershell plugin: [DEBUG] - common: sending ConfigSpec as gob
2025/12/12 08:09:57 [DEBUG] - common: receiving ConfigSpec as gob
2025/12/12 08:09:57 <sensitive>-provisioner-powershell plugin: Using inline default execute command powershell -executionpolicy bypass -file {{.Path}}
2025/12/12 08:09:57 <sensitive>-provisioner-powershell plugin: Using inline default elevated execute command powershell -executionpolicy bypass -file {{.Path}}
2025/12/12 08:09:57 <sensitive>-provisioner-powershell plugin: [DEBUG] - common: sending ConfigSpec as gob
2025/12/12 08:09:57 [DEBUG] - common: receiving ConfigSpec as gob
2025/12/12 08:09:57 [INFO] Starting external plugin /usr/local/bin/<sensitive> execute <sensitive>-post-processor-manifest
2025/12/12 08:09:57 Starting plugin: /usr/local/bin/<sensitive> []string{"/usr/local/bin/<sensitive>", "execute", "<sensitive>-post-processor-manifest"}
2025/12/12 08:09:57 Waiting for RPC address for: /usr/local/bin/<sensitive>
2025/12/12 08:09:57 <sensitive>-post-processor-manifest plugin: [INFO] Packer version: 1.14.2 [go1.23.2 darwin amd64]
2025/12/12 08:09:57 <sensitive>-post-processor-manifest plugin: Old default config directory found: /Users/ralph.brynard/.<sensitive>.d
2025/12/12 08:09:57 <sensitive>-post-processor-manifest plugin: [INFO] PACKER_CONFIG env var not set; checking the default config file path
2025/12/12 08:09:57 <sensitive>-post-processor-manifest plugin: [INFO] PACKER_CONFIG env var set; attempting to open config file: /Users/ralph.brynard/.<sensitive>config
2025/12/12 08:09:57 <sensitive>-post-processor-manifest plugin: [WARN] Config file doesn't exist: /Users/ralph.brynard/.<sensitive>config
2025/12/12 08:09:57 <sensitive>-post-processor-manifest plugin: Old default config directory found: /Users/ralph.brynard/.<sensitive>.d
2025/12/12 08:09:57 <sensitive>-post-processor-manifest plugin: [INFO] Setting cache directory: /Users/ralph.brynard/.cache/<sensitive>
2025/12/12 08:09:57 <sensitive>-post-processor-manifest plugin: Old default config directory found: /Users/ralph.brynard/.<sensitive>.d
2025/12/12 08:09:57 Received unix RPC address for /usr/local/bin/<sensitive>: addr is /var/folders/fw/5v2gpv3x0gscd1mbj8tgc2m00000gr/T/<sensitive>-plugin3886218908
2025/12/12 08:09:57 <sensitive>-post-processor-manifest plugin: Plugin address: unix /var/folders/fw/5v2gpv3x0gscd1mbj8tgc2m00000gr/T/<sensitive>-plugin3886218908
2025/12/12 08:09:57 <sensitive>-post-processor-manifest plugin: Waiting for connection...
2025/12/12 08:09:57 <sensitive>-post-processor-manifest plugin: Serving a plugin connection...
2025/12/12 08:09:57 <sensitive>-post-processor-manifest plugin: [DEBUG] - common: sending ConfigSpec as gob
2025/12/12 08:09:57 [DEBUG] - common: receiving ConfigSpec as gob
2025/12/12 08:09:57 <sensitive>-post-processor-manifest plugin: [DEBUG] - common: sending ConfigSpec as gob
2025/12/12 08:09:57 [DEBUG] - common: receiving ConfigSpec as gob
2025/12/12 08:09:57 ui: [1;32mwindows_11_base.proxmox-iso.windows_11_base: output will be in this color.[0m
2025/12/12 08:09:57 ui: 
2025/12/12 08:09:57 Build debug mode: false
2025/12/12 08:09:57 Force build: false
2025/12/12 08:09:57 On error: ask
2025/12/12 08:09:57 Waiting on builds to complete...
2025/12/12 08:09:57 Starting build run: windows_11_base.proxmox-iso.windows_11_base
2025/12/12 08:09:57 Running builder: proxmox-iso
2025/12/12 08:09:57 [INFO] (telemetry) Starting builder proxmox-iso.windows_11_base
2025/12/12 08:09:57 <sensitive>-plugin-proxmox_v1.2.3_x5.0_darwin_amd64 plugin: 2025/12/12 08:09:57 using token auth
2025/12/12 08:09:57 <sensitive>-plugin-proxmox_v1.2.3_x5.0_darwin_amd64 plugin: 2025/12/12 08:09:57 No CD files specified. CD disk will not be made.
2025/12/12 08:09:57 <sensitive>-plugin-proxmox_v1.2.3_x5.0_darwin_amd64 plugin: 2025/12/12 08:09:57 No URLs were provided to Step Download. Continuing...
2025/12/12 08:09:57 ui: [1;32m==> windows_11_base.proxmox-iso.windows_11_base: Creating CD disk...[0m
2025/12/12 08:09:57 <sensitive>-plugin-proxmox_v1.2.3_x5.0_darwin_amd64 plugin: 2025/12/12 08:09:57 CD label is set to win11_drivers
2025/12/12 08:09:57 <sensitive>-plugin-proxmox_v1.2.3_x5.0_darwin_amd64 plugin: 2025/12/12 08:09:57 CD path: /var/folders/fw/5v2gpv3x0gscd1mbj8tgc2m00000gr/T/<sensitive>2592855309.iso
2025/12/12 08:09:57 <sensitive>-plugin-proxmox_v1.2.3_x5.0_darwin_amd64 plugin: 2025/12/12 08:09:57 Wrote 12307 bytes to /var/folders/fw/5v2gpv3x0gscd1mbj8tgc2m00000gr/T/<sensitive>_to_cdrom508728805/drivers/vioscsi.cat
2025/12/12 08:09:57 <sensitive>-plugin-proxmox_v1.2.3_x5.0_darwin_amd64 plugin: 2025/12/12 08:09:57 Wrote 3187 bytes to /var/folders/fw/5v2gpv3x0gscd1mbj8tgc2m00000gr/T/<sensitive>_to_cdrom508728805/drivers/vioscsi.inf
2025/12/12 08:09:57 <sensitive>-plugin-proxmox_v1.2.3_x5.0_darwin_amd64 plugin: 2025/12/12 08:09:57 Wrote 765952 bytes to /var/folders/fw/5v2gpv3x0gscd1mbj8tgc2m00000gr/T/<sensitive>_to_cdrom508728805/drivers/vioscsi.pdb
2025/12/12 08:09:57 <sensitive>-plugin-proxmox_v1.2.3_x5.0_darwin_amd64 plugin: 2025/12/12 08:09:57 Wrote 78016 bytes to /var/folders/fw/5v2gpv3x0gscd1mbj8tgc2m00000gr/T/<sensitive>_to_cdrom508728805/drivers/vioscsi.sys
2025/12/12 08:09:57 <sensitive>-plugin-proxmox_v1.2.3_x5.0_darwin_amd64 plugin: 2025/12/12 08:09:57 Wrote 12298 bytes to /var/folders/fw/5v2gpv3x0gscd1mbj8tgc2m00000gr/T/<sensitive>_to_cdrom508728805/drivers/vioser.cat
2025/12/12 08:09:57 <sensitive>-plugin-proxmox_v1.2.3_x5.0_darwin_amd64 plugin: 2025/12/12 08:09:57 Wrote 2607 bytes to /var/folders/fw/5v2gpv3x0gscd1mbj8tgc2m00000gr/T/<sensitive>_to_cdrom508728805/drivers/vioser.inf
2025/12/12 08:09:57 <sensitive>-plugin-proxmox_v1.2.3_x5.0_darwin_amd64 plugin: 2025/12/12 08:09:57 Wrote 1142784 bytes to /var/folders/fw/5v2gpv3x0gscd1mbj8tgc2m00000gr/T/<sensitive>_to_cdrom508728805/drivers/vioser.pdb
2025/12/12 08:09:57 <sensitive>-plugin-proxmox_v1.2.3_x5.0_darwin_amd64 plugin: 2025/12/12 08:09:57 Wrote 92352 bytes to /var/folders/fw/5v2gpv3x0gscd1mbj8tgc2m00000gr/T/<sensitive>_to_cdrom508728805/drivers/vioser.sys
2025/12/12 08:09:57 <sensitive>-plugin-proxmox_v1.2.3_x5.0_darwin_amd64 plugin: 2025/12/12 08:09:57 Wrote 12304 bytes to /var/folders/fw/5v2gpv3x0gscd1mbj8tgc2m00000gr/T/<sensitive>_to_cdrom508728805/drivers/viostor.cat
2025/12/12 08:09:57 <sensitive>-plugin-proxmox_v1.2.3_x5.0_darwin_amd64 plugin: 2025/12/12 08:09:57 Wrote 2981 bytes to /var/folders/fw/5v2gpv3x0gscd1mbj8tgc2m00000gr/T/<sensitive>_to_cdrom508728805/drivers/viostor.inf
2025/12/12 08:09:57 <sensitive>-plugin-proxmox_v1.2.3_x5.0_darwin_amd64 plugin: 2025/12/12 08:09:57 Wrote 684032 bytes to /var/folders/fw/5v2gpv3x0gscd1mbj8tgc2m00000gr/T/<sensitive>_to_cdrom508728805/drivers/viostor.pdb
2025/12/12 08:09:58 <sensitive>-plugin-proxmox_v1.2.3_x5.0_darwin_amd64 plugin: 2025/12/12 08:09:58 Wrote 64704 bytes to /var/folders/fw/5v2gpv3x0gscd1mbj8tgc2m00000gr/T/<sensitive>_to_cdrom508728805/drivers/viostor.sys
2025/12/12 08:09:58 <sensitive>-plugin-proxmox_v1.2.3_x5.0_darwin_amd64 plugin: 2025/12/12 08:09:58 Wrote 15271 bytes to /var/folders/fw/5v2gpv3x0gscd1mbj8tgc2m00000gr/T/<sensitive>_to_cdrom508728805/scripts/windows-init.ps1
2025/12/12 08:09:58 <sensitive>-plugin-proxmox_v1.2.3_x5.0_darwin_amd64 plugin: 2025/12/12 08:09:58 Wrote 11543 bytes to /var/folders/fw/5v2gpv3x0gscd1mbj8tgc2m00000gr/T/<sensitive>_to_cdrom508728805/scripts/windows-prepare.ps1
2025/12/12 08:09:58 <sensitive>-plugin-proxmox_v1.2.3_x5.0_darwin_amd64 plugin: 2025/12/12 08:09:58 Executing: /usr/bin/hdiutil [makehybrid -o /var/folders/fw/5v2gpv3x0gscd1mbj8tgc2m00000gr/T/<sensitive>2592855309.iso -hfs -joliet -iso -default-volume-name win11_drivers /var/folders/fw/5v2gpv3x0gscd1mbj8tgc2m00000gr/T/<sensitive>_to_cdrom508728805]
2025/12/12 08:09:58 ui: [1;32m==> windows_11_base.proxmox-iso.windows_11_base: Creating hybrid image...[0m
2025/12/12 08:09:58 ui: [1;32m==> windows_11_base.proxmox-iso.windows_11_base: Done copying paths from CD_dirs[0m
2025/12/12 08:09:58 <sensitive>-plugin-proxmox_v1.2.3_x5.0_darwin_amd64 plugin: 2025/12/12 08:09:58 No URLs were provided to Step Download. Continuing...
2025/12/12 08:10:00 <sensitive>-plugin-proxmox_v1.2.3_x5.0_darwin_amd64 plugin: 2025/12/12 08:10:00 Received interrupt signal (count: 1). Ignoring.
2025/12/12 08:10:00 ui error: Cancelling build after receiving interrupt
2025/12/12 08:10:00 <sensitive>-plugin-windows-update_v0.16.10_x5.0_darwin_amd64 plugin: 2025/12/12 08:10:00 Received interrupt signal (count: 1). Ignoring.
2025/12/12 08:10:00 <sensitive>-plugin-git_v0.6.4_x5.0_darwin_amd64 plugin: 2025/12/12 08:10:00 Received interrupt signal (count: 1). Ignoring.
2025/12/12 08:10:00 Cancelling builder after context cancellation context canceled
2025/12/12 08:10:00 <sensitive>-provisioner-powershell plugin: Received interrupt signal (count: 1). Ignoring.
2025/12/12 08:10:00 <sensitive>-post-processor-manifest plugin: Received interrupt signal (count: 1). Ignoring.
2025/12/12 08:10:00 <sensitive>-provisioner-file plugin: Received interrupt signal (count: 1). Ignoring.
2025/12/12 08:10:00 ui: [1;32m==> windows_11_base.proxmox-iso.windows_11_base: Uploaded ISO to local:iso/<sensitive>2592855309.iso[0m
2025/12/12 08:10:00 ui: [1;32m==> windows_11_base.proxmox-iso.windows_11_base: Deleted generated ISO from local:iso/<sensitive>2592855309.iso[0m
2025/12/12 08:10:00 <sensitive>-plugin-proxmox_v1.2.3_x5.0_darwin_amd64 plugin: 2025/12/12 08:10:00 Deleting CD disk: /var/folders/fw/5v2gpv3x0gscd1mbj8tgc2m00000gr/T/<sensitive>2592855309.iso
2025/12/12 08:10:00 [INFO] (telemetry) ending proxmox-iso.windows_11_base
2025/12/12 08:10:00 ui error: [1;31mBuild 'windows_11_base.proxmox-iso.windows_11_base' errored after 2 seconds 435 milliseconds: build was cancelled[0m
2025/12/12 08:10:00 ui: 
==> Wait completed after 2 seconds 435 milliseconds
2025/12/12 08:10:00 ui: Cleanly cancelled builds after being interrupted.
2025/12/12 08:10:00 [INFO] (telemetry) Finalizing.
2025/12/12 08:10:00 waiting for all plugin processes to complete...
2025/12/12 08:10:00 /Users/ralph.brynard/.<sensitive>.d/plugins/github.com/rgl/windows-update/<sensitive>-plugin-windows-update_v0.16.10_x5.0_darwin_amd64: plugin process exited
2025/12/12 08:10:00 /Users/ralph.brynard/.<sensitive>.d/plugins/github.com/ethanmdavidson/git/<sensitive>-plugin-git_v0.6.4_x5.0_darwin_amd64: plugin process exited
2025/12/12 08:10:00 /usr/local/bin/<sensitive>: plugin process exited
2025/12/12 08:10:00 /Users/ralph.brynard/.<sensitive>.d/plugins/github.com/hashicorp/proxmox/<sensitive>-plugin-proxmox_v1.2.3_x5.0_darwin_amd64: plugin process exited
2025/12/12 08:10:00 /usr/local/bin/<sensitive>: plugin process exited
2025/12/12 08:10:00 /usr/local/bin/<sensitive>: plugin process exited
