2025/12/09 11:37:36 [INFO] Packer version: 1.14.2 [go1.23.2 darwin amd64]
2025/12/09 11:37:36 Old default config directory found: /Users/ralph.brynard/.packer.d
2025/12/09 11:37:36 [INFO] PACKER_CONFIG env var not set; checking the default config file path
2025/12/09 11:37:36 [INFO] PACKER_CONFIG env var set; attempting to open config file: /Users/ralph.brynard/.packerconfig
2025/12/09 11:37:36 [WARN] Config file doesn't exist: /Users/ralph.brynard/.packerconfig
2025/12/09 11:37:36 Old default config directory found: /Users/ralph.brynard/.packer.d
2025/12/09 11:37:36 [INFO] Setting cache directory: /Users/ralph.brynard/.cache/packer
2025/12/09 11:37:36 Old default config directory found: /Users/ralph.brynard/.packer.d
2025/12/09 11:37:36 [TRACE] listing potential installations for "github.com/ethanmdavidson/git" that match ">= 0.4.3". plugingetter.ListInstallationsOptions{PluginDirectory:"/Users/ralph.brynard/.packer.d/plugins", BinaryInstallationOptions:plugingetter.BinaryInstallationOptions{APIVersionMajor:"5", APIVersionMinor:"0", OS:"darwin", ARCH:"amd64", Ext:"", Checksummers:[]plugingetter.Checksummer{plugingetter.Checksummer{Type:"sha256", Hash:(*sha256.digest)(0xc000054080)}}, ReleasesOnly:false}}
2025/12/09 11:37:36 [TRACE] Found the following "github.com/ethanmdavidson/git" installations: [{/Users/ralph.brynard/.packer.d/plugins/github.com/ethanmdavidson/git/packer-plugin-git_v0.6.4_x5.0_darwin_amd64 v0.6.4 x5.0}]
2025/12/09 11:37:36 found external [commit repository tree] datasource from git plugin
2025/12/09 11:37:36 [TRACE] listing potential installations for "github.com/hashicorp/proxmox" that match ">= 1.1.3". plugingetter.ListInstallationsOptions{PluginDirectory:"/Users/ralph.brynard/.packer.d/plugins", BinaryInstallationOptions:plugingetter.BinaryInstallationOptions{APIVersionMajor:"5", APIVersionMinor:"0", OS:"darwin", ARCH:"amd64", Ext:"", Checksummers:[]plugingetter.Checksummer{plugingetter.Checksummer{Type:"sha256", Hash:(*sha256.digest)(0xc000054080)}}, ReleasesOnly:false}}
2025/12/09 11:37:36 [TRACE] Found the following "github.com/hashicorp/proxmox" installations: [{/Users/ralph.brynard/.packer.d/plugins/github.com/hashicorp/proxmox/packer-plugin-proxmox_v1.1.8_x5.0_darwin_amd64 v1.1.8 x5.0},{/Users/ralph.brynard/.packer.d/plugins/github.com/hashicorp/proxmox/packer-plugin-proxmox_v1.2.2_x5.0_darwin_amd64 v1.2.2 x5.0},{/Users/ralph.brynard/.packer.d/plugins/github.com/hashicorp/proxmox/packer-plugin-proxmox_v1.2.3_x5.0_darwin_amd64 v1.2.3 x5.0}]
2025/12/09 11:37:36 [INFO] found external [-packer-default-plugin-name- clone iso] builders from proxmox plugin
2025/12/09 11:37:36 [TRACE] listing potential installations for "github.com/rgl/windows-update" that match ">= 0.14.3". plugingetter.ListInstallationsOptions{PluginDirectory:"/Users/ralph.brynard/.packer.d/plugins", BinaryInstallationOptions:plugingetter.BinaryInstallationOptions{APIVersionMajor:"5", APIVersionMinor:"0", OS:"darwin", ARCH:"amd64", Ext:"", Checksummers:[]plugingetter.Checksummer{plugingetter.Checksummer{Type:"sha256", Hash:(*sha256.digest)(0xc000054080)}}, ReleasesOnly:false}}
2025/12/09 11:37:36 [TRACE] Found the following "github.com/rgl/windows-update" installations: [{/Users/ralph.brynard/.packer.d/plugins/github.com/rgl/windows-update/packer-plugin-windows-update_v0.16.8_x5.0_darwin_amd64 v0.16.8 x5.0},{/Users/ralph.brynard/.packer.d/plugins/github.com/rgl/windows-update/packer-plugin-windows-update_v0.16.10_x5.0_darwin_amd64 v0.16.10 x5.0}]
2025/12/09 11:37:36 found external [-packer-default-plugin-name-] provisioner from windows-update plugin
2025/12/09 11:37:36 [TRACE] listing potential installations for <nil> that match "". plugingetter.ListInstallationsOptions{PluginDirectory:"/Users/ralph.brynard/.packer.d/plugins", BinaryInstallationOptions:plugingetter.BinaryInstallationOptions{APIVersionMajor:"5", APIVersionMinor:"0", OS:"darwin", ARCH:"amd64", Ext:"", Checksummers:[]plugingetter.Checksummer{plugingetter.Checksummer{Type:"sha256", Hash:(*sha256.digest)(0xc000291200)}}, ReleasesOnly:false}}
2025/12/09 11:37:38 found external [-packer-default-plugin-name- local] provisioner from ansible plugin
2025/12/09 11:37:38 found external [commit repository tree] datasource from git plugin
2025/12/09 11:37:38 [INFO] found external [-packer-default-plugin-name- clone iso] builders from proxmox plugin
2025/12/09 11:37:38 found external [-packer-default-plugin-name-] datasource from sshkey plugin
2025/12/09 11:37:38 plugin "/Users/ralph.brynard/.packer.d/plugins/github.com/ivoronin/sshkey/packer-plugin-sshkey_v1.2.1_x5.0_darwin_amd64" does not support Protobuf, forcing use of Gob
2025/12/09 11:37:38 [INFO] found external [clone iso supervisor] builders from vsphere plugin
2025/12/09 11:37:38 [INFO] found external [-packer-default-plugin-name- template] post-processors from vsphere plugin
2025/12/09 11:37:38 found external [-packer-default-plugin-name-] provisioner from windows-update plugin
2025/12/09 11:37:38 [INFO] found external [chroot ebs ebssurrogate ebsvolume instance] builders from amazon plugin
2025/12/09 11:37:38 [INFO] found external [import] post-processors from amazon plugin
2025/12/09 11:37:38 found external [ami parameterstore secretsmanager] datasource from amazon plugin
2025/12/09 11:37:38 [TRACE] validateValue: not active for username, so skipping
2025/12/09 11:37:38 [TRACE] validateValue: not active for password, so skipping
2025/12/09 11:37:38 [TRACE] validateValue: not active for guest_os_timezone, so skipping
2025/12/09 11:37:38 [TRACE] validateValue: not active for proxmox_host, so skipping
2025/12/09 11:37:38 [TRACE] validateValue: not active for token_secret, so skipping
2025/12/09 11:37:38 [TRACE] validateValue: not active for insecure_tls, so skipping
2025/12/09 11:37:38 [TRACE] validateValue: not active for iso_storage_pool, so skipping
2025/12/09 11:37:38 [TRACE] validateValue: not active for disk_storage_pool, so skipping
2025/12/09 11:37:38 [TRACE] validateValue: not active for guest_os_language, so skipping
2025/12/09 11:37:38 [TRACE] validateValue: not active for guest_os_keyboard, so skipping
2025/12/09 11:37:38 [TRACE] validateValue: not active for token_id, so skipping
2025/12/09 11:37:38 [TRACE] validateValue: not active for node, so skipping
2025/12/09 11:37:38 [TRACE] validateValue: not active for pool, so skipping
2025/12/09 11:37:38 [INFO] Starting external plugin /Users/ralph.brynard/.packer.d/plugins/github.com/ethanmdavidson/git/packer-plugin-git_v0.6.4_x5.0_darwin_amd64 start datasource commit
2025/12/09 11:37:38 Starting plugin: /Users/ralph.brynard/.packer.d/plugins/github.com/ethanmdavidson/git/packer-plugin-git_v0.6.4_x5.0_darwin_amd64 []string{"/Users/ralph.brynard/.packer.d/plugins/github.com/ethanmdavidson/git/packer-plugin-git_v0.6.4_x5.0_darwin_amd64", "start", "datasource", "commit"}
2025/12/09 11:37:38 Waiting for RPC address for: /Users/ralph.brynard/.packer.d/plugins/github.com/ethanmdavidson/git/packer-plugin-git_v0.6.4_x5.0_darwin_amd64
2025/12/09 11:37:38 packer-plugin-git_v0.6.4_x5.0_darwin_amd64 plugin: 2025/12/09 11:37:38 Plugin address: unix /var/folders/fw/5v2gpv3x0gscd1mbj8tgc2m00000gr/T/packer-plugin4209877288
2025/12/09 11:37:38 packer-plugin-git_v0.6.4_x5.0_darwin_amd64 plugin: 2025/12/09 11:37:38 Waiting for connection...
2025/12/09 11:37:38 Received unix RPC address for /Users/ralph.brynard/.packer.d/plugins/github.com/ethanmdavidson/git/packer-plugin-git_v0.6.4_x5.0_darwin_amd64: addr is /var/folders/fw/5v2gpv3x0gscd1mbj8tgc2m00000gr/T/packer-plugin4209877288
2025/12/09 11:37:38 packer-plugin-git_v0.6.4_x5.0_darwin_amd64 plugin: 2025/12/09 11:37:38 Serving a plugin connection...
2025/12/09 11:37:38 packer-plugin-git_v0.6.4_x5.0_darwin_amd64 plugin: 2025/12/09 11:37:38 [TRACE] starting datasource commit
2025/12/09 11:37:38 packer-plugin-git_v0.6.4_x5.0_darwin_amd64 plugin: 2025/12/09 11:37:38 [DEBUG] - common: sending ConfigSpec as gob
2025/12/09 11:37:38 [DEBUG] - common: receiving ConfigSpec as gob
2025/12/09 11:37:38 packer-plugin-git_v0.6.4_x5.0_darwin_amd64 plugin: 2025/12/09 11:37:38 [DEBUG] - common: sending ConfigSpec as gob
2025/12/09 11:37:38 [DEBUG] - common: receiving ConfigSpec as gob
2025/12/09 11:37:38 [INFO] (telemetry) Starting datasource git-commit
2025/12/09 11:37:38 packer-plugin-git_v0.6.4_x5.0_darwin_amd64 plugin: 2025/12/09 11:37:38 Starting execution
2025/12/09 11:37:38 packer-plugin-git_v0.6.4_x5.0_darwin_amd64 plugin: 2025/12/09 11:37:38 Finding repository from './../../../../' (/Users/ralph.brynard/rwgb.github.projects/hashicorp.packer.builds/builds/proxmox)
2025/12/09 11:37:38 packer-plugin-git_v0.6.4_x5.0_darwin_amd64 plugin: 2025/12/09 11:37:38 Repo opened
2025/12/09 11:37:38 packer-plugin-git_v0.6.4_x5.0_darwin_amd64 plugin: 2025/12/09 11:37:38 Hash found: '0cd51ce4e9e1ecce5a6dc61e5b92da6e4fbfc933'
2025/12/09 11:37:38 packer-plugin-git_v0.6.4_x5.0_darwin_amd64 plugin: 2025/12/09 11:37:38 Branches found
2025/12/09 11:37:38 packer-plugin-git_v0.6.4_x5.0_darwin_amd64 plugin: 2025/12/09 11:37:38 Commit found: 'commit 0cd51ce4e9e1ecce5a6dc61e5b92da6e4fbfc933
2025/12/09 11:37:38 packer-plugin-git_v0.6.4_x5.0_darwin_amd64 plugin: Author: Ralph Brynard <ralph.brynard@gmail.com>
2025/12/09 11:37:38 packer-plugin-git_v0.6.4_x5.0_darwin_amd64 plugin: Date:   Tue Dec 09 11:36:26 2025 -0600
2025/12/09 11:37:38 packer-plugin-git_v0.6.4_x5.0_darwin_amd64 plugin: 
2025/12/09 11:37:38 packer-plugin-git_v0.6.4_x5.0_darwin_amd64 plugin:     docs(winrm): add comprehensive troubleshooting guide for Windows 10 authentication issues
2025/12/09 11:37:38 packer-plugin-git_v0.6.4_x5.0_darwin_amd64 plugin: 
2025/12/09 11:37:38 packer-plugin-git_v0.6.4_x5.0_darwin_amd64 plugin:     Add detailed documentation covering WinRM 401 authentication failures
2025/12/09 11:37:38 packer-plugin-git_v0.6.4_x5.0_darwin_amd64 plugin:     encountered when building Windows 10 templates with Packer.
2025/12/09 11:37:38 packer-plugin-git_v0.6.4_x5.0_darwin_amd64 plugin: 
2025/12/09 11:37:38 packer-plugin-git_v0.6.4_x5.0_darwin_amd64 plugin:     Key issues documented:
2025/12/09 11:37:38 packer-plugin-git_v0.6.4_x5.0_darwin_amd64 plugin:     - Built-in Administrator account disabled by default in Windows 10
2025/12/09 11:37:38 packer-plugin-git_v0.6.4_x5.0_darwin_amd64 plugin:     - Conflicting LocalAccount creation in autounattend.xml
2025/12/09 11:37:38 packer-plugin-git_v0.6.4_x5.0_darwin_amd64 plugin:     - Packer WinRM NTLM compatibility issues with Windows 10
2025/12/09 11:37:38 packer-plugin-git_v0.6.4_x5.0_darwin_amd64 plugin: 
2025/12/09 11:37:38 packer-plugin-git_v0.6.4_x5.0_darwin_amd64 plugin:     Solutions implemented:
2025/12/09 11:37:38 packer-plugin-git_v0.6.4_x5.0_darwin_amd64 plugin:     - Enable built-in Administrator account via FirstLogonCommands
2025/12/09 11:37:38 packer-plugin-git_v0.6.4_x5.0_darwin_amd64 plugin:     - Remove conflicting LocalAccount creation from autounattend.xml
2025/12/09 11:37:38 packer-plugin-git_v0.6.4_x5.0_darwin_amd64 plugin:     - Switch from NTLM to Basic authentication for Packer WinRM
2025/12/09 11:37:38 packer-plugin-git_v0.6.4_x5.0_darwin_amd64 plugin:     - Add winrm_no_proxy setting to prevent proxy interference
2025/12/09 11:37:38 packer-plugin-git_v0.6.4_x5.0_darwin_amd64 plugin:     - Set BUILD_USER environment variable for windows-prepare.ps1
2025/12/09 11:37:38 packer-plugin-git_v0.6.4_x5.0_darwin_amd64 plugin: 
2025/12/09 11:37:38 packer-plugin-git_v0.6.4_x5.0_darwin_amd64 plugin:     Documentation includes:
2025/12/09 11:37:38 packer-plugin-git_v0.6.4_x5.0_darwin_amd64 plugin:     - Step-by-step solution with code examples
2025/12/09 11:37:38 packer-plugin-git_v0.6.4_x5.0_darwin_amd64 plugin:     - Verification procedures and testing script usage
2025/12/09 11:37:38 packer-plugin-git_v0.6.4_x5.0_darwin_amd64 plugin:     - Timeline of changes and key learnings
2025/12/09 11:37:38 packer-plugin-git_v0.6.4_x5.0_darwin_amd64 plugin:     - Security considerations for Basic auth usage
2025/12/09 11:37:38 packer-plugin-git_v0.6.4_x5.0_darwin_amd64 plugin:     - References to related configuration files
2025/12/09 11:37:38 packer-plugin-git_v0.6.4_x5.0_darwin_amd64 plugin: 
2025/12/09 11:37:38 packer-plugin-git_v0.6.4_x5.0_darwin_amd64 plugin:     This resolves persistent 401 authentication errors that prevented
2025/12/09 11:37:38 packer-plugin-git_v0.6.4_x5.0_darwin_amd64 plugin:     Windows 10 Packer builds from completing.
2025/12/09 11:37:38 packer-plugin-git_v0.6.4_x5.0_darwin_amd64 plugin: 
2025/12/09 11:37:38 packer-plugin-git_v0.6.4_x5.0_darwin_amd64 plugin: '
2025/12/09 11:37:38 packer-plugin-git_v0.6.4_x5.0_darwin_amd64 plugin: 2025/12/09 11:37:38 output.Hash: '0cd51ce4e9e1ecce5a6dc61e5b92da6e4fbfc933'
2025/12/09 11:37:38 packer-plugin-git_v0.6.4_x5.0_darwin_amd64 plugin: 2025/12/09 11:37:38 Not in branch 'dev' (173b099d9b561c408f1329d70ca99e98cf732d7f)
2025/12/09 11:37:38 packer-plugin-git_v0.6.4_x5.0_darwin_amd64 plugin: 2025/12/09 11:37:38 Adding branch 'feature/windows_10_base'
2025/12/09 11:37:38 packer-plugin-git_v0.6.4_x5.0_darwin_amd64 plugin: 2025/12/09 11:37:38 Not in branch 'feature/windows_11_base' (2f69c2244de5c4af0e61e7261dc498db293cf054)
2025/12/09 11:37:38 packer-plugin-git_v0.6.4_x5.0_darwin_amd64 plugin: 2025/12/09 11:37:38 Not in branch 'main' (c465b445b66970d2009490cfdddd34bdc5df078a)
2025/12/09 11:37:38 packer-plugin-git_v0.6.4_x5.0_darwin_amd64 plugin: 2025/12/09 11:37:38 len(output.Branches): '1'
2025/12/09 11:37:38 packer-plugin-git_v0.6.4_x5.0_darwin_amd64 plugin: 2025/12/09 11:37:38 output.Author: 'Ralph Brynard <ralph.brynard@gmail.com>'
2025/12/09 11:37:38 packer-plugin-git_v0.6.4_x5.0_darwin_amd64 plugin: 2025/12/09 11:37:38 output.Committer: 'Ralph Brynard <ralph.brynard@gmail.com>'
2025/12/09 11:37:38 packer-plugin-git_v0.6.4_x5.0_darwin_amd64 plugin: 2025/12/09 11:37:38 output.Timestamp: '2025-12-09T17:36:26Z'
2025/12/09 11:37:38 packer-plugin-git_v0.6.4_x5.0_darwin_amd64 plugin: 2025/12/09 11:37:38 len(output.PGPSignature): '228'
2025/12/09 11:37:38 packer-plugin-git_v0.6.4_x5.0_darwin_amd64 plugin: 2025/12/09 11:37:38 len(output.Message): '1117'
2025/12/09 11:37:38 packer-plugin-git_v0.6.4_x5.0_darwin_amd64 plugin: 2025/12/09 11:37:38 output.TreeHash: '757669ee63a2ed3bd61b0eb12a583de2e5b4890b'
2025/12/09 11:37:38 packer-plugin-git_v0.6.4_x5.0_darwin_amd64 plugin: 2025/12/09 11:37:38 Adding parent hash: '36e02af52e38c0498bc3bf589f8e775ea4c6d748'
2025/12/09 11:37:38 packer-plugin-git_v0.6.4_x5.0_darwin_amd64 plugin: 2025/12/09 11:37:38 len(output.ParentHashes): '1'
2025/12/09 11:37:38 packer-plugin-git_v0.6.4_x5.0_darwin_amd64 plugin: 2025/12/09 11:37:38 [DEBUG] - datasource: sending Execute as gob
2025/12/09 11:37:38 [DEBUG] - datasource: receiving Execute as gob
2025/12/09 11:37:38 [INFO] (telemetry) ending git-commit
2025/12/09 11:37:38 [INFO] Starting external plugin /Users/ralph.brynard/.<sensitive>.d/plugins/github.com/hashicorp/proxmox/<sensitive>-plugin-proxmox_v1.2.3_x5.0_darwin_amd64 start builder iso
2025/12/09 11:37:38 Starting plugin: /Users/ralph.brynard/.<sensitive>.d/plugins/github.com/hashicorp/proxmox/<sensitive>-plugin-proxmox_v1.2.3_x5.0_darwin_amd64 []string{"/Users/ralph.brynard/.<sensitive>.d/plugins/github.com/hashicorp/proxmox/<sensitive>-plugin-proxmox_v1.2.3_x5.0_darwin_amd64", "start", "builder", "iso"}
2025/12/09 11:37:38 Waiting for RPC address for: /Users/ralph.brynard/.<sensitive>.d/plugins/github.com/hashicorp/proxmox/<sensitive>-plugin-proxmox_v1.2.3_x5.0_darwin_amd64
2025/12/09 11:37:38 <sensitive>-plugin-proxmox_v1.2.3_x5.0_darwin_amd64 plugin: 2025/12/09 11:37:38 Plugin address: unix /var/folders/fw/5v2gpv3x0gscd1mbj8tgc2m00000gr/T/<sensitive>-plugin2780761510
2025/12/09 11:37:38 Received unix RPC address for /Users/ralph.brynard/.<sensitive>.d/plugins/github.com/hashicorp/proxmox/<sensitive>-plugin-proxmox_v1.2.3_x5.0_darwin_amd64: addr is /var/folders/fw/5v2gpv3x0gscd1mbj8tgc2m00000gr/T/<sensitive>-plugin2780761510
2025/12/09 11:37:38 <sensitive>-plugin-proxmox_v1.2.3_x5.0_darwin_amd64 plugin: 2025/12/09 11:37:38 Waiting for connection...
2025/12/09 11:37:38 <sensitive>-plugin-proxmox_v1.2.3_x5.0_darwin_amd64 plugin: 2025/12/09 11:37:38 Serving a plugin connection...
2025/12/09 11:37:38 <sensitive>-plugin-proxmox_v1.2.3_x5.0_darwin_amd64 plugin: 2025/12/09 11:37:38 [TRACE] starting builder iso
2025/12/09 11:37:38 <sensitive>-plugin-proxmox_v1.2.3_x5.0_darwin_amd64 plugin: 2025/12/09 11:37:38 [DEBUG] - common: sending ConfigSpec as gob
2025/12/09 11:37:38 [DEBUG] - common: receiving ConfigSpec as gob
2025/12/09 11:37:38 <sensitive>-plugin-proxmox_v1.2.3_x5.0_darwin_amd64 plugin: 2025/12/09 11:37:38 CPU type not set, using default 'kvm64'
2025/12/09 11:37:38 <sensitive>-plugin-proxmox_v1.2.3_x5.0_darwin_amd64 plugin: 2025/12/09 11:37:38 OS not set, using default 'other'
2025/12/09 11:37:38 <sensitive>-plugin-proxmox_v1.2.3_x5.0_darwin_amd64 plugin: 2025/12/09 11:37:38 Disk 0 format not set, using default 'raw'
2025/12/09 11:37:38 <sensitive>-plugin-proxmox_v1.2.3_x5.0_darwin_amd64 plugin: 2025/12/09 11:37:38 Disk 0 cache mode not set, using default 'none'
2025/12/09 11:37:38 <sensitive>-plugin-proxmox_v1.2.3_x5.0_darwin_amd64 plugin: 2025/12/09 11:37:38 [DEBUG] - common: sending ConfigSpec as gob
2025/12/09 11:37:38 [DEBUG] - common: receiving ConfigSpec as gob
2025/12/09 11:37:38 [INFO] Starting external plugin /usr/local/bin/<sensitive> execute <sensitive>-provisioner-file
2025/12/09 11:37:38 Starting plugin: /usr/local/bin/<sensitive> []string{"/usr/local/bin/<sensitive>", "execute", "<sensitive>-provisioner-file"}
2025/12/09 11:37:38 Waiting for RPC address for: /usr/local/bin/<sensitive>
2025/12/09 11:37:38 <sensitive>-provisioner-file plugin: [INFO] Packer version: 1.14.2 [go1.23.2 darwin amd64]
2025/12/09 11:37:38 <sensitive>-provisioner-file plugin: Old default config directory found: /Users/ralph.brynard/.<sensitive>.d
2025/12/09 11:37:38 <sensitive>-provisioner-file plugin: [INFO] PACKER_CONFIG env var not set; checking the default config file path
2025/12/09 11:37:38 <sensitive>-provisioner-file plugin: [INFO] PACKER_CONFIG env var set; attempting to open config file: /Users/ralph.brynard/.<sensitive>config
2025/12/09 11:37:38 <sensitive>-provisioner-file plugin: [WARN] Config file doesn't exist: /Users/ralph.brynard/.<sensitive>config
2025/12/09 11:37:38 <sensitive>-provisioner-file plugin: Old default config directory found: /Users/ralph.brynard/.<sensitive>.d
2025/12/09 11:37:38 <sensitive>-provisioner-file plugin: [INFO] Setting cache directory: /Users/ralph.brynard/.cache/<sensitive>
2025/12/09 11:37:38 <sensitive>-provisioner-file plugin: Old default config directory found: /Users/ralph.brynard/.<sensitive>.d
2025/12/09 11:37:38 Received unix RPC address for /usr/local/bin/<sensitive>: addr is /var/folders/fw/5v2gpv3x0gscd1mbj8tgc2m00000gr/T/<sensitive>-plugin2091045350
2025/12/09 11:37:38 <sensitive>-provisioner-file plugin: Plugin address: unix /var/folders/fw/5v2gpv3x0gscd1mbj8tgc2m00000gr/T/<sensitive>-plugin2091045350
2025/12/09 11:37:38 <sensitive>-provisioner-file plugin: Waiting for connection...
2025/12/09 11:37:38 <sensitive>-provisioner-file plugin: Serving a plugin connection...
2025/12/09 11:37:38 <sensitive>-provisioner-file plugin: [DEBUG] - common: sending ConfigSpec as gob
2025/12/09 11:37:38 [DEBUG] - common: receiving ConfigSpec as gob
2025/12/09 11:37:38 <sensitive>-provisioner-file plugin: [DEBUG] - common: sending ConfigSpec as gob
2025/12/09 11:37:38 [DEBUG] - common: receiving ConfigSpec as gob
2025/12/09 11:37:38 [INFO] Starting external plugin /usr/local/bin/<sensitive> execute <sensitive>-provisioner-powershell
2025/12/09 11:37:38 Starting plugin: /usr/local/bin/<sensitive> []string{"/usr/local/bin/<sensitive>", "execute", "<sensitive>-provisioner-powershell"}
2025/12/09 11:37:38 Waiting for RPC address for: /usr/local/bin/<sensitive>
2025/12/09 11:37:38 <sensitive>-provisioner-powershell plugin: [INFO] Packer version: 1.14.2 [go1.23.2 darwin amd64]
2025/12/09 11:37:38 <sensitive>-provisioner-powershell plugin: Old default config directory found: /Users/ralph.brynard/.<sensitive>.d
2025/12/09 11:37:38 <sensitive>-provisioner-powershell plugin: [INFO] PACKER_CONFIG env var not set; checking the default config file path
2025/12/09 11:37:38 <sensitive>-provisioner-powershell plugin: [INFO] PACKER_CONFIG env var set; attempting to open config file: /Users/ralph.brynard/.<sensitive>config
2025/12/09 11:37:38 <sensitive>-provisioner-powershell plugin: [WARN] Config file doesn't exist: /Users/ralph.brynard/.<sensitive>config
2025/12/09 11:37:38 <sensitive>-provisioner-powershell plugin: Old default config directory found: /Users/ralph.brynard/.<sensitive>.d
2025/12/09 11:37:38 <sensitive>-provisioner-powershell plugin: [INFO] Setting cache directory: /Users/ralph.brynard/.cache/<sensitive>
2025/12/09 11:37:38 <sensitive>-provisioner-powershell plugin: Old default config directory found: /Users/ralph.brynard/.<sensitive>.d
2025/12/09 11:37:38 <sensitive>-provisioner-powershell plugin: Plugin address: unix /var/folders/fw/5v2gpv3x0gscd1mbj8tgc2m00000gr/T/<sensitive>-plugin574625284
2025/12/09 11:37:38 <sensitive>-provisioner-powershell plugin: Waiting for connection...
2025/12/09 11:37:38 Received unix RPC address for /usr/local/bin/<sensitive>: addr is /var/folders/fw/5v2gpv3x0gscd1mbj8tgc2m00000gr/T/<sensitive>-plugin574625284
2025/12/09 11:37:38 <sensitive>-provisioner-powershell plugin: Serving a plugin connection...
2025/12/09 11:37:38 <sensitive>-provisioner-powershell plugin: [DEBUG] - common: sending ConfigSpec as gob
2025/12/09 11:37:38 [DEBUG] - common: receiving ConfigSpec as gob
2025/12/09 11:37:38 <sensitive>-provisioner-powershell plugin: Using inline default execute command powershell -executionpolicy bypass -file {{.Path}}
2025/12/09 11:37:38 <sensitive>-provisioner-powershell plugin: Using inline default elevated execute command powershell -executionpolicy bypass -file {{.Path}}
2025/12/09 11:37:38 <sensitive>-provisioner-powershell plugin: [DEBUG] - common: sending ConfigSpec as gob
2025/12/09 11:37:38 [DEBUG] - common: receiving ConfigSpec as gob
2025/12/09 11:37:38 [INFO] Starting external plugin /usr/local/bin/<sensitive> execute <sensitive>-post-processor-manifest
2025/12/09 11:37:38 Starting plugin: /usr/local/bin/<sensitive> []string{"/usr/local/bin/<sensitive>", "execute", "<sensitive>-post-processor-manifest"}
2025/12/09 11:37:38 Waiting for RPC address for: /usr/local/bin/<sensitive>
2025/12/09 11:37:38 <sensitive>-post-processor-manifest plugin: [INFO] Packer version: 1.14.2 [go1.23.2 darwin amd64]
2025/12/09 11:37:38 <sensitive>-post-processor-manifest plugin: Old default config directory found: /Users/ralph.brynard/.<sensitive>.d
2025/12/09 11:37:38 <sensitive>-post-processor-manifest plugin: [INFO] PACKER_CONFIG env var not set; checking the default config file path
2025/12/09 11:37:38 <sensitive>-post-processor-manifest plugin: [INFO] PACKER_CONFIG env var set; attempting to open config file: /Users/ralph.brynard/.<sensitive>config
2025/12/09 11:37:38 <sensitive>-post-processor-manifest plugin: [WARN] Config file doesn't exist: /Users/ralph.brynard/.<sensitive>config
2025/12/09 11:37:38 <sensitive>-post-processor-manifest plugin: Old default config directory found: /Users/ralph.brynard/.<sensitive>.d
2025/12/09 11:37:38 <sensitive>-post-processor-manifest plugin: [INFO] Setting cache directory: /Users/ralph.brynard/.cache/<sensitive>
2025/12/09 11:37:38 <sensitive>-post-processor-manifest plugin: Old default config directory found: /Users/ralph.brynard/.<sensitive>.d
2025/12/09 11:37:38 Received unix RPC address for /usr/local/bin/<sensitive>: addr is /var/folders/fw/5v2gpv3x0gscd1mbj8tgc2m00000gr/T/<sensitive>-plugin1883164231
2025/12/09 11:37:38 <sensitive>-post-processor-manifest plugin: Plugin address: unix /var/folders/fw/5v2gpv3x0gscd1mbj8tgc2m00000gr/T/<sensitive>-plugin1883164231
2025/12/09 11:37:38 <sensitive>-post-processor-manifest plugin: Waiting for connection...
2025/12/09 11:37:38 <sensitive>-post-processor-manifest plugin: Serving a plugin connection...
2025/12/09 11:37:38 <sensitive>-post-processor-manifest plugin: [DEBUG] - common: sending ConfigSpec as gob
2025/12/09 11:37:38 [DEBUG] - common: receiving ConfigSpec as gob
2025/12/09 11:37:38 <sensitive>-post-processor-manifest plugin: [DEBUG] - common: sending ConfigSpec as gob
2025/12/09 11:37:38 [DEBUG] - common: receiving ConfigSpec as gob
2025/12/09 11:37:38 ui: [1;32mwindows_10_22h2.proxmox-iso.windows_10_22h2_base: output will be in this color.[0m
2025/12/09 11:37:38 ui: 
2025/12/09 11:37:38 Build debug mode: false
2025/12/09 11:37:38 Force build: false
2025/12/09 11:37:38 On error: 
2025/12/09 11:37:38 Waiting on builds to complete...
2025/12/09 11:37:38 Starting build run: windows_10_22h2.proxmox-iso.windows_10_22h2_base
2025/12/09 11:37:38 Running builder: proxmox-iso
2025/12/09 11:37:38 [INFO] (telemetry) Starting builder proxmox-iso.windows_10_22h2_base
2025/12/09 11:37:38 <sensitive>-plugin-proxmox_v1.2.3_x5.0_darwin_amd64 plugin: 2025/12/09 11:37:38 using token auth
2025/12/09 11:37:38 <sensitive>-plugin-proxmox_v1.2.3_x5.0_darwin_amd64 plugin: 2025/12/09 11:37:38 No CD files specified. CD disk will not be made.
2025/12/09 11:37:38 <sensitive>-plugin-proxmox_v1.2.3_x5.0_darwin_amd64 plugin: 2025/12/09 11:37:38 No URLs were provided to Step Download. Continuing...
2025/12/09 11:37:38 ui: [1;32m==> windows_10_22h2.proxmox-iso.windows_10_22h2_base: Creating CD disk...[0m
2025/12/09 11:37:38 <sensitive>-plugin-proxmox_v1.2.3_x5.0_darwin_amd64 plugin: 2025/12/09 11:37:38 CD label is set to win10_drivers
2025/12/09 11:37:38 <sensitive>-plugin-proxmox_v1.2.3_x5.0_darwin_amd64 plugin: 2025/12/09 11:37:38 CD path: /var/folders/fw/5v2gpv3x0gscd1mbj8tgc2m00000gr/T/<sensitive>191836416.iso
2025/12/09 11:37:38 <sensitive>-plugin-proxmox_v1.2.3_x5.0_darwin_amd64 plugin: 2025/12/09 11:37:38 Wrote 12307 bytes to /var/folders/fw/5v2gpv3x0gscd1mbj8tgc2m00000gr/T/<sensitive>_to_cdrom2748893232/drivers/vioscsi.cat
2025/12/09 11:37:38 <sensitive>-plugin-proxmox_v1.2.3_x5.0_darwin_amd64 plugin: 2025/12/09 11:37:38 Wrote 3187 bytes to /var/folders/fw/5v2gpv3x0gscd1mbj8tgc2m00000gr/T/<sensitive>_to_cdrom2748893232/drivers/vioscsi.inf
2025/12/09 11:37:38 <sensitive>-plugin-proxmox_v1.2.3_x5.0_darwin_amd64 plugin: 2025/12/09 11:37:38 Wrote 765952 bytes to /var/folders/fw/5v2gpv3x0gscd1mbj8tgc2m00000gr/T/<sensitive>_to_cdrom2748893232/drivers/vioscsi.pdb
2025/12/09 11:37:38 <sensitive>-plugin-proxmox_v1.2.3_x5.0_darwin_amd64 plugin: 2025/12/09 11:37:38 Wrote 78016 bytes to /var/folders/fw/5v2gpv3x0gscd1mbj8tgc2m00000gr/T/<sensitive>_to_cdrom2748893232/drivers/vioscsi.sys
2025/12/09 11:37:38 <sensitive>-plugin-proxmox_v1.2.3_x5.0_darwin_amd64 plugin: 2025/12/09 11:37:38 Wrote 12298 bytes to /var/folders/fw/5v2gpv3x0gscd1mbj8tgc2m00000gr/T/<sensitive>_to_cdrom2748893232/drivers/vioser.cat
2025/12/09 11:37:38 <sensitive>-plugin-proxmox_v1.2.3_x5.0_darwin_amd64 plugin: 2025/12/09 11:37:38 Wrote 2607 bytes to /var/folders/fw/5v2gpv3x0gscd1mbj8tgc2m00000gr/T/<sensitive>_to_cdrom2748893232/drivers/vioser.inf
2025/12/09 11:37:38 <sensitive>-plugin-proxmox_v1.2.3_x5.0_darwin_amd64 plugin: 2025/12/09 11:37:38 Wrote 1142784 bytes to /var/folders/fw/5v2gpv3x0gscd1mbj8tgc2m00000gr/T/<sensitive>_to_cdrom2748893232/drivers/vioser.pdb
2025/12/09 11:37:38 <sensitive>-plugin-proxmox_v1.2.3_x5.0_darwin_amd64 plugin: 2025/12/09 11:37:38 Wrote 92352 bytes to /var/folders/fw/5v2gpv3x0gscd1mbj8tgc2m00000gr/T/<sensitive>_to_cdrom2748893232/drivers/vioser.sys
2025/12/09 11:37:38 <sensitive>-plugin-proxmox_v1.2.3_x5.0_darwin_amd64 plugin: 2025/12/09 11:37:38 Wrote 12304 bytes to /var/folders/fw/5v2gpv3x0gscd1mbj8tgc2m00000gr/T/<sensitive>_to_cdrom2748893232/drivers/viostor.cat
2025/12/09 11:37:38 <sensitive>-plugin-proxmox_v1.2.3_x5.0_darwin_amd64 plugin: 2025/12/09 11:37:38 Wrote 2981 bytes to /var/folders/fw/5v2gpv3x0gscd1mbj8tgc2m00000gr/T/<sensitive>_to_cdrom2748893232/drivers/viostor.inf
2025/12/09 11:37:38 <sensitive>-plugin-proxmox_v1.2.3_x5.0_darwin_amd64 plugin: 2025/12/09 11:37:38 Wrote 684032 bytes to /var/folders/fw/5v2gpv3x0gscd1mbj8tgc2m00000gr/T/<sensitive>_to_cdrom2748893232/drivers/viostor.pdb
2025/12/09 11:37:38 <sensitive>-plugin-proxmox_v1.2.3_x5.0_darwin_amd64 plugin: 2025/12/09 11:37:38 Wrote 64704 bytes to /var/folders/fw/5v2gpv3x0gscd1mbj8tgc2m00000gr/T/<sensitive>_to_cdrom2748893232/drivers/viostor.sys
2025/12/09 11:37:38 <sensitive>-plugin-proxmox_v1.2.3_x5.0_darwin_amd64 plugin: 2025/12/09 11:37:38 Wrote 5739 bytes to /var/folders/fw/5v2gpv3x0gscd1mbj8tgc2m00000gr/T/<sensitive>_to_cdrom2748893232/scripts/windows-init.ps1
2025/12/09 11:37:38 <sensitive>-plugin-proxmox_v1.2.3_x5.0_darwin_amd64 plugin: 2025/12/09 11:37:38 Wrote 6765 bytes to /var/folders/fw/5v2gpv3x0gscd1mbj8tgc2m00000gr/T/<sensitive>_to_cdrom2748893232/scripts/windows-prepare.ps1
2025/12/09 11:37:38 <sensitive>-plugin-proxmox_v1.2.3_x5.0_darwin_amd64 plugin: 2025/12/09 11:37:38 Executing: /usr/bin/hdiutil [makehybrid -o /var/folders/fw/5v2gpv3x0gscd1mbj8tgc2m00000gr/T/<sensitive>191836416.iso -hfs -joliet -iso -default-volume-name win10_drivers /var/folders/fw/5v2gpv3x0gscd1mbj8tgc2m00000gr/T/<sensitive>_to_cdrom2748893232]
2025/12/09 11:37:38 ui: [1;32m==> windows_10_22h2.proxmox-iso.windows_10_22h2_base: Creating hybrid image...[0m
2025/12/09 11:37:38 ui: [1;32m==> windows_10_22h2.proxmox-iso.windows_10_22h2_base: Done copying paths from CD_dirs[0m
2025/12/09 11:37:38 <sensitive>-plugin-proxmox_v1.2.3_x5.0_darwin_amd64 plugin: 2025/12/09 11:37:38 No URLs were provided to Step Download. Continuing...
2025/12/09 11:37:41 ui: [1;32m==> windows_10_22h2.proxmox-iso.windows_10_22h2_base: Uploaded ISO to local:iso/<sensitive>191836416.iso[0m
2025/12/09 11:37:41 <sensitive>-plugin-proxmox_v1.2.3_x5.0_darwin_amd64 plugin: 2025/12/09 11:37:41 Mapping Disk to scsi0
2025/12/09 11:37:41 <sensitive>-plugin-proxmox_v1.2.3_x5.0_darwin_amd64 plugin: 2025/12/09 11:37:41 Mapping ISO to scsi1
2025/12/09 11:37:41 <sensitive>-plugin-proxmox_v1.2.3_x5.0_darwin_amd64 plugin: 2025/12/09 11:37:41 Mapping ISO to sata0
2025/12/09 11:37:41 ui: [1;32m==> windows_10_22h2.proxmox-iso.windows_10_22h2_base: Creating VM[0m
2025/12/09 11:37:43 ui: [1;32m==> windows_10_22h2.proxmox-iso.windows_10_22h2_base: Starting VM[0m
2025/12/09 11:37:45 ui: [1;32m==> windows_10_22h2.proxmox-iso.windows_10_22h2_base: Waiting 5s for boot[0m
2025/12/09 11:37:50 ui: [1;32m==> windows_10_22h2.proxmox-iso.windows_10_22h2_base: Typing the boot command[0m
2025/12/09 11:37:50 <sensitive>-plugin-proxmox_v1.2.3_x5.0_darwin_amd64 plugin: 2025/12/09 11:37:50 [INFO] Waiting 10s
2025/12/09 11:38:00 <sensitive>-plugin-proxmox_v1.2.3_x5.0_darwin_amd64 plugin: 2025/12/09 11:38:00 [INFO] Waiting 10s
