[2025-12-11 07:45:44] [INFO] === Starting windows-init.ps1 script ===
[2025-12-11 07:45:52] [INFO] Current User: Administrator
[2025-12-11 07:45:53] [INFO] Computer Name: DESKTOP-L8O3CES
[2025-12-11 07:45:53] [INFO] Setting the network connection profile to Public...
[2025-12-11 07:46:21] [INFO] Initial connection profile: Network
[2025-12-11 07:46:26] [INFO] Network profile set to Public successfully
[2025-12-11 07:46:26] [INFO] Setting the Windows Remote Management configuration...
[2025-12-11 07:46:26] [INFO] WinRM configuration attempt 1 of 3
[2025-12-11 07:46:26] [INFO] Enabling WinRM service...
[2025-12-11 07:47:14] [INFO] WinRM service started
[2025-12-11 07:47:14] [INFO] Running winrm quickconfig...
[2025-12-11 07:47:32] [INFO] quickconfig result: WinRM service is already running on this machine. WinRM is not set up to allow remote access to this machine for management. The following changes must be made:  Enable the WinRM firewall exception.  Configure LocalAccountTokenFilterPolicy to grant administrative rights remotely to local users.  WinRM has been updated for remote management.  WinRM firewall exception enabled.  Configured LocalAccountTokenFilterPolicy to grant administrative rights remotely to local users.
[2025-12-11 07:47:32] [INFO] Setting AllowUnencrypted=true...
[2025-12-11 07:47:51] [INFO] AllowUnencrypted result: WSManFault     Message         ProviderFault             WSManFault                 Message = WinRM firewall exception will not work since one of the network connection types on this machine is set to Public. Change the network connection type to either Domain or Private and try again.  System.Management.Automation.RemoteException Error number:  -2144108183 0x80338169 WinRM firewall exception will not work since one of the network connection types on this machine is set to Public. Change the network connection type to either Domain or Private and try again. 
[2025-12-11 07:47:51] [INFO] Setting Basic auth=true...
[2025-12-11 07:48:06] [INFO] Basic auth result: Auth     Basic = true     Kerberos = true     Negotiate = true     Certificate = false     CredSSP = false     CbtHardeningLevel = Relaxed 
[2025-12-11 07:48:07] [INFO] Setting CredSSP auth=true...
[2025-12-11 07:48:13] [INFO] CredSSP result: Auth     Basic = true     Kerberos = true     Negotiate = true     Certificate = false     CredSSP = true     CbtHardeningLevel = Relaxed 
[2025-12-11 07:48:13] [INFO] Setting TrustedHosts=*...
[2025-12-11 07:48:19] [INFO] TrustedHosts result: Client     NetworkDelayms = 5000     URLPrefix = wsman     AllowUnencrypted = false     Auth         Basic = true         Digest = true         Kerberos = true         Negotiate = true         Certificate = true         CredSSP = false     DefaultPorts         HTTP = 5985         HTTPS = 5986     TrustedHosts = * 
[2025-12-11 07:48:19] [INFO] Checking WinRM listeners...
[2025-12-11 07:48:24] [INFO] Existing listeners: Listener     Address = *     Transport = HTTP     Port = 5985     Hostname     Enabled = true     URLPrefix = wsman     CertificateThumbprint     ListeningOn = 127.0.0.1, 192.168.1.95, ::1, fd34:df5a:fab6:b73d:a345:a157:9462:798f, fd34:df5a:fab6:b73d:c956:60c9:c396:f229, fe80::c53d:33fa:eec:6ee4%5 
[2025-12-11 07:48:25] [INFO] Creating HTTP listener...
[2025-12-11 07:48:28] [INFO] Listener creation result: WSManFault     Message         ProviderFault             WSManFault                 Message = The WS-Management service cannot perform the configuration operation. A listener with Address=* and Transport=HTTP configuration already exists. You have to delete the existing listener first in order to be able to create it with the same Address and Transport values.  System.Management.Automation.RemoteException Error number:  -2144108493 0x80338033 The WS-Management service cannot create the resource because it already exists. 
[2025-12-11 07:48:28] [INFO] Restarting WinRM service...
[2025-12-11 07:48:42] [INFO] WinRM service status: Running
[2025-12-11 07:48:42] [INFO] WinRM configuration completed successfully
[2025-12-11 07:48:42] [INFO] Allowing Windows Remote Management in the Windows Firewall...
[2025-12-11 07:48:42] [INFO] Setting firewall rule for Windows Remote Administration...
[2025-12-11 07:48:58] [INFO] Firewall rule 1 result:  No rules match the specified criteria. 
[2025-12-11 07:48:58] [INFO] Setting firewall rule for WinRM HTTP-In...
[2025-12-11 07:49:02] [INFO] Firewall rule 2 result:  Updated 2 rule(s). Ok. 
[2025-12-11 07:49:03] [INFO] Firewall rules configured successfully
[2025-12-11 07:49:03] [INFO] Disabling Windows Firewall for build...
[2025-12-11 07:49:06] [INFO] Firewall disabled: Ok. 
[2025-12-11 07:49:06] [INFO] Resetting AutoLogonCount...
[2025-12-11 07:49:07] [INFO] AutoLogonCount reset to 0
[2025-12-11 07:49:07] [INFO] Starting QEMU Guest Agent download and installation...
[2025-12-11 07:49:07] [INFO] System architecture: x86_64
[2025-12-11 07:49:07] [INFO] QEMU GA download attempt 1 of 3
[2025-12-11 07:49:07] [INFO] Fetching download URL from: https://fedorapeople.org/groups/virt/virtio-win/direct-downloads/
[2025-12-11 07:49:20] [INFO] Found latest QEMU GA link: latest-qemu-ga/
[2025-12-11 07:49:20] [INFO] Fetching redirected URL from: https://fedorapeople.org/groups/virt/virtio-win/direct-downloads/latest-qemu-ga/
[2025-12-11 07:49:22] [INFO] Download URL: https://fedorapeople.org/groups/virt/virtio-win/direct-downloads/archive-qemu-ga/
[2025-12-11 07:49:22] [INFO] Fetching MSI link from: https://fedorapeople.org/groups/virt/virtio-win/direct-downloads/archive-qemu-ga/
[2025-12-11 07:49:23] [INFO] Parsing MSI entries...
[2025-12-11 07:49:25] [INFO] Found 23 MSI entries
[2025-12-11 07:49:25] [INFO] Selected MSI link: https://fedorapeople.org/groups/virt/virtio-win/direct-downloads/archive-qemu-ga/qemu-ga-win-110.0.2-1.el10/qemu-ga-x86_64.msi
[2025-12-11 07:49:25] [INFO] Downloading QEMU GA MSI from: https://fedorapeople.org/groups/virt/virtio-win/direct-downloads/archive-qemu-ga/qemu-ga-win-110.0.2-1.el10/qemu-ga-x86_64.msi
[2025-12-11 07:49:25] [INFO] Download destination: C:\Users\ADMINI~1\AppData\Local\Temp\qemu-ga-x86_64.msi
[2025-12-11 07:53:40] [INFO] Download completed: qemu-ga-x86_64.msi (Size: 11793408 bytes)
[2025-12-11 07:53:40] [INFO] Running QEMU GA MSI Installer...
[2025-12-11 07:53:40] [INFO] Installation log will be saved to: C:\Users\ADMINI~1\AppData\Local\Temp\qemu-ga-installation.log
[2025-12-11 07:53:40] [INFO] MSI full path: C:\Users\ADMINI~1\AppData\Local\Temp\qemu-ga-x86_64.msi
[2025-12-11 07:53:40] [INFO] Installation arguments: /i "C:\Users\ADMINI~1\AppData\Local\Temp\qemu-ga-x86_64.msi" /qn /norestart /L*v "C:\Users\ADMINI~1\AppData\Local\Temp\qemu-ga-installation.log"
[2025-12-11 07:54:14] [INFO] Installation process exit code: 0
[2025-12-11 07:54:14] [INFO] QEMU GA installation completed successfully
[2025-12-11 07:54:19] [INFO] QEMU-GA service status: Running
[2025-12-11 07:54:20] [INFO] === QEMU Guest Agent successfully installed and running ===
[2025-12-11 07:54:20] [INFO] === windows-init.ps1 script completed ===
